############################################################
# group name of the Green's Function layer : bottom
# total number of atoms in the GF layer    : 64
# dimension of the system                  : 2 D
# number of atoms per unit surface cell    : 1
# dimension of the FFT mesh                : 64 x 1
# atomic tag of the surface origin         : 1
# number of wait steps before measurement  : 1000000
# frequency of GFC measurement             : 20
# output result after this many measurement: 100000
# number of processors used by this run    : 4
############################################################
# Surface vectors: [ 1.11321, 0 ] [ 0, 1 ]
# mapping information between FFT mesh and atom id
# nx ny nucell
64 1 1
# ix iy iu atom_id
0 0 0 1
1 0 0 2
2 0 0 3
3 0 0 4
4 0 0 5
5 0 0 6
6 0 0 7
7 0 0 8
8 0 0 9
9 0 0 10
10 0 0 11
11 0 0 12
12 0 0 13
13 0 0 14
14 0 0 15
15 0 0 16
16 0 0 17
17 0 0 18
18 0 0 19
19 0 0 20
20 0 0 21
21 0 0 22
22 0 0 23
23 0 0 24
24 0 0 25
25 0 0 26
26 0 0 27
27 0 0 28
28 0 0 29
29 0 0 30
30 0 0 31
31 0 0 32
32 0 0 33
33 0 0 34
34 0 0 35
35 0 0 36
36 0 0 37
37 0 0 38
38 0 0 39
39 0 0 40
40 0 0 41
41 0 0 42
42 0 0 43
43 0 0 44
44 0 0 45
45 0 0 46
46 0 0 47
47 0 0 48
48 0 0 49
49 0 0 50
50 0 0 51
51 0 0 52
52 0 0 53
53 0 0 54
54 0 0 55
55 0 0 56
56 0 0 57
57 0 0 58
58 0 0 59
59 0 0 60
60 0 0 61
61 0 0 62
62 0 0 63
63 0 0 64
############################################################
############################################################
# Current time step                      : 3000000
# Total number of GFC measurements       : 100000
# Average temperature of the measurement : 0.0100001
# Boltzmann constant under current units : 1
# Basis of the surface unit cell         : 0 0 
############################################################
# ix	 iy 	 qx 	 qy			 Phi(q)
0 0 0 0 0.160599 0 -0.0250241 0 -0.0250241 0 0.125051 0
1 0 0.0981748 0 4.67527 0 0.0695938 -1.46964 0.0695938 1.46964 3.9596 4.44127e-18
2 0 0.19635 0 9.47179 1.8999e-18 0.0442593 -2.40073 0.0442593 2.40073 8.07303 -2.22063e-18
3 0 0.294524 0 15.0095 -4.77088e-18 0.110762 -3.83673 0.110762 3.83673 11.7039 0
4 0 0.392699 0 21.564 2.46187e-18 -0.05755 -5.04776 -0.05755 5.04776 16.3319 -2.22063e-18
5 0 0.490874 0 28.751 -4.37635e-18 -0.0928158 -6.16493 -0.0928158 6.16493 19.9397 0
6 0 0.589049 0 36.8253 0 0.0731949 -7.37979 0.0731949 7.37979 24.0864 0
7 0 0.687223 0 45.4085 0 0.082051 -8.11247 0.082051 8.11247 27.4202 -2.22063e-18
8 0 0.785398 0 55.3103 -2.02455e-18 0.0384801 -8.87817 0.0384801 8.87817 30.8811 0
9 0 0.883573 0 65.2575 0 -0.145144 -9.57964 -0.145144 9.57964 34.3159 0
10 0 0.981748 0 76.4962 0 -0.0516971 -9.91826 -0.0516971 9.91826 38.3281 0
11 0 1.07992 0 88.1353 0 -0.105441 -11.0138 -0.105441 11.0138 41.1947 0
12 0 1.1781 0 99.3739 0 -0.103831 -11.0036 -0.103831 11.0036 44.754 0
13 0 1.27627 0 112.606 1.67828e-17 -0.338115 -11.3668 -0.338115 11.3668 47.8396 -4.44127e-18
14 0 1.37445 0 124.336 0 -0.235295 -11.558 -0.235295 11.558 51.3645 0
15 0 1.47262 0 137.519 1.25153e-17 0.440854 -11.9561 0.440854 11.9561 53.5969 4.44127e-18
16 0 1.5708 0 150.889 7.5336e-18 -0.276114 -11.7264 -0.276114 11.7264 57.3199 4.44127e-18
17 0 1.66897 0 163.693 0 -0.266714 -11.6412 -0.266714 11.6412 59.6372 2.22063e-18
18 0 1.76715 0 176.097 0 -0.23394 -11.2448 -0.23394 11.2448 61.8515 0
19 0 1.86532 0 188.974 0 0.394317 -10.8751 0.394317 10.8751 64.5312 0
20 0 1.9635 0 200.533 0 0.117019 -10.161 0.117019 10.161 66.8295 1.11032e-18
21 0 2.06167 0 213.848 0 0.142162 -9.87548 0.142162 9.87548 68.553 0
22 0 2.15984 0 224.747 -4.17844e-18 -0.172683 -9.03813 -0.172683 9.03813 70.6288 0
23 0 2.25802 0 232.721 0 -0.0146883 -8.33685 -0.0146883 8.33685 72.552 0
24 0 2.35619 0 244.177 -2.46607e-18 -0.128886 -7.69396 -0.128886 7.69396 74.1968 0
25 0 2.45437 0 251.281 0 -0.331907 -6.87021 -0.331907 6.87021 75.1513 1.11032e-18
26 0 2.55254 0 260.387 0 -0.112771 -6.39306 -0.112771 6.39306 77.1251 0
27 0 2.65072 0 267.975 0 -0.238086 -5.25932 -0.238086 5.25932 77.9889 0
28 0 2.74889 0 273.515 0 0.142995 -4.15643 0.142995 4.15643 78.0234 2.77579e-19
29 0 2.84707 0 276.267 1.97303e-19 0.0310868 -3.05856 0.0310868 3.05856 79.0392 0
30 0 2.94524 0 279.976 4.05275e-19 -0.109456 -1.80927 -0.109456 1.80927 80.1135 -1.3879e-19
31 0 3.04342 0 281.953 -8.22033e-19 -0.416051 -1.13615 -0.416051 1.13615 80.1002 2.77579e-19
32 0 3.14159 0 282.471 0 0.465532 0 0.465532 0 80.5803 0
33 0 -3.04342 0 281.953 0 -0.416051 1.13615 -0.416051 -1.13615 80.1002 0
34 0 -2.94524 0 279.976 4.05275e-19 -0.109456 1.80927 -0.109456 -1.80927 80.1135 0
35 0 -2.84707 0 276.267 0 0.0310868 3.05856 0.0310868 -3.05856 79.0392 0
36 0 -2.74889 0 273.515 0 0.142995 4.15643 0.142995 -4.15643 78.0234 0
37 0 -2.65072 0 267.975 2.97018e-18 -0.238086 5.25932 -0.238086 -5.25932 77.9889 0
38 0 -2.55254 0 260.387 -1.40218e-18 -0.112771 6.39306 -0.112771 -6.39306 77.1251 0
39 0 -2.45437 0 251.281 0 -0.331907 6.87021 -0.331907 -6.87021 75.1513 -1.11032e-18
40 0 -2.35619 0 244.177 2.46607e-18 -0.128886 7.69396 -0.128886 -7.69396 74.1968 0
41 0 -2.25802 0 232.721 2.80013e-19 -0.0146883 8.33685 -0.0146883 -8.33685 72.552 0
42 0 -2.15984 0 224.747 0 -0.172683 9.03813 -0.172683 -9.03813 70.6288 -1.11032e-18
43 0 -2.06167 0 213.848 0 0.142162 9.87548 0.142162 -9.87548 68.553 0
44 0 -1.9635 0 200.533 0 0.117019 10.161 0.117019 -10.161 66.8295 0
45 0 -1.86532 0 188.974 0 0.394317 10.8751 0.394317 -10.8751 64.5312 -4.44127e-18
46 0 -1.76715 0 176.097 0 -0.23394 11.2448 -0.23394 -11.2448 61.8515 2.22063e-18
47 0 -1.66897 0 163.693 0 -0.266714 11.6412 -0.266714 -11.6412 59.6372 0
48 0 -1.5708 0 150.889 -7.5336e-18 -0.276114 11.7264 -0.276114 -11.7264 57.3199 4.44127e-18
49 0 -1.47262 0 137.519 0 0.440854 11.9561 0.440854 -11.9561 53.5969 0
50 0 -1.37445 0 124.336 0 -0.235295 11.558 -0.235295 -11.558 51.3645 0
51 0 -1.27627 0 112.606 0 -0.338115 11.3668 -0.338115 -11.3668 47.8396 -4.44127e-18
52 0 -1.1781 0 99.3739 0 -0.103831 11.0036 -0.103831 -11.0036 44.754 0
53 0 -1.07992 0 88.1353 0 -0.105441 11.0138 -0.105441 -11.0138 41.1947 2.22063e-18
54 0 -0.981748 0 76.4962 -1.93627e-18 -0.0516971 9.91826 -0.0516971 -9.91826 38.3281 0
55 0 -0.883573 0 65.2575 0 -0.145144 9.57964 -0.145144 -9.57964 34.3159 -4.44127e-18
56 0 -0.785398 0 55.3103 0 0.0384801 8.87817 0.0384801 -8.87817 30.8811 0
57 0 -0.687223 0 45.4085 0 0.082051 8.11247 0.082051 -8.11247 27.4202 2.22063e-18
58 0 -0.589049 0 36.8253 0 0.0731949 7.37979 0.0731949 -7.37979 24.0864 2.22063e-18
59 0 -0.490874 0 28.751 4.37635e-18 -0.0928158 6.16493 -0.0928158 -6.16493 19.9397 0
60 0 -0.392699 0 21.564 0 -0.05755 5.04776 -0.05755 -5.04776 16.3319 0
61 0 -0.294524 0 15.0095 0 0.110762 3.83673 0.110762 -3.83673 11.7039 4.44127e-18
62 0 -0.19635 0 9.47179 -1.8999e-18 0.0442593 2.40073 0.0442593 -2.40073 8.07303 0
63 0 -0.0981748 0 4.67527 0 0.0695938 1.46964 0.0695938 -1.46964 3.9596 0
############################################################
# Current time step                      : 5000000
# Total number of GFC measurements       : 200000
# Average temperature of the measurement : 0.0100003
# Boltzmann constant under current units : 1
# Basis of the surface unit cell         : 0 0 
############################################################
# ix	 iy 	 qx 	 qy			 Phi(q)
0 0 0 0 0.174907 0 -0.0676235 0 -0.0676235 0 0.119936 0
1 0 0.0981748 0 4.4419 0 -0.0643511 -1.38287 -0.0643511 1.38287 3.95613 0
2 0 0.19635 0 9.36154 0 0.113206 -2.59498 0.113206 2.59498 8.12672 -4.44125e-18
3 0 0.294524 0 15.1216 0 -0.00545432 -3.83106 -0.00545432 3.83106 11.7718 2.77578e-19
4 0 0.392699 0 21.5382 0 0.0151892 -5.07529 0.0151892 5.07529 16.0595 0
5 0 0.490874 0 28.5784 0 -0.104373 -6.10139 -0.104373 6.10139 19.8685 0
6 0 0.589049 0 36.6888 0 -0.0171237 -7.12361 -0.0171237 7.12361 23.7426 0
7 0 0.687223 0 45.463 0 0.080053 -8.16936 0.080053 8.16936 27.1579 2.22062e-18
8 0 0.785398 0 54.9839 0 0.081491 -8.98258 0.081491 8.98258 30.9009 0
9 0 0.883573 0 65.311 0 -0.0541286 -9.49285 -0.0541286 9.49285 34.3696 0
10 0 0.981748 0 76.4087 0 0.20692 -10.0891 0.20692 10.0891 38.2364 0
11 0 1.07992 0 88.0903 0 -0.000421535 -10.9741 -0.000421535 10.9741 41.4002 -8.67431e-21
12 0 1.1781 0 99.454 0 -0.0333862 -11.0263 -0.0333862 11.0263 44.9087 0
13 0 1.27627 0 112.359 8.35431e-18 -0.27902 -11.2557 -0.27902 11.2557 48.0738 -4.44125e-18
14 0 1.37445 0 124.819 -5.15501e-18 -0.145788 -11.5874 -0.145788 11.5874 51.1361 2.22062e-18
15 0 1.47262 0 137.276 0 0.576925 -11.8123 0.576925 11.8123 53.8403 0
16 0 1.5708 0 151.136 7.55797e-18 -0.272474 -11.851 -0.272474 11.851 57.1782 0
17 0 1.66897 0 163.563 0 -0.0985629 -11.4968 -0.0985629 11.4968 59.6562 0
18 0 1.76715 0 175.997 0 0.215205 -11.1412 0.215205 11.1412 62.1804 -2.22062e-18
19 0 1.86532 0 189.114 0 0.286477 -10.86 0.286477 10.86 64.1882 0
20 0 1.9635 0 200.812 0 0.296512 -10.2608 0.296512 10.2608 66.5431 0
21 0 2.06167 0 213.113 0 0.348667 -9.56254 0.348667 9.56254 68.7311 -2.22062e-18
22 0 2.15984 0 224.307 0 -0.212251 -9.063 -0.212251 9.063 70.7803 1.11031e-18
23 0 2.25802 0 233.302 0 -0.049014 -8.2646 -0.049014 8.2646 72.3799 0
24 0 2.35619 0 243.655 0 -0.0296544 -7.5192 -0.0296544 7.5192 74.0327 0
25 0 2.45437 0 252.001 0 -0.159223 -6.68162 -0.159223 6.68162 75.1002 5.55156e-19
26 0 2.55254 0 260.314 0 0.216095 -6.25067 0.216095 6.25067 76.7414 1.11031e-18
27 0 2.65072 0 267.315 0 -0.258033 -5.06059 -0.258033 5.06059 78.0353 0
28 0 2.74889 0 273.454 0 -0.0622344 -4.20887 -0.0622344 4.20887 78.1861 0
29 0 2.84707 0 277.924 0 0.278594 -2.84727 0.278594 2.84727 79.261 5.55156e-19
30 0 2.94524 0 279.884 0 0.162906 -1.89182 0.162906 1.89182 79.7718 2.77578e-19
31 0 3.04342 0 282.369 -5.15268e-20 0.0211476 -1.14399 0.0211476 1.14399 80.2584 0
32 0 3.14159 0 282.453 0 0.0187966 0 0.0187966 0 80.5102 0
33 0 -3.04342 0 282.369 -5.15268e-20 0.0211476 1.14399 0.0211476 -1.14399 80.2584 0
34 0 -2.94524 0 279.884 -8.09979e-19 0.162906 1.89182 0.162906 -1.89182 79.7718 0
35 0 -2.84707 0 277.924 1.59735e-18 0.278594 2.84727 0.278594 -2.84727 79.261 0
36 0 -2.74889 0 273.454 0 -0.0622344 4.20887 -0.0622344 -4.20887 78.1861 0
37 0 -2.65072 0 267.315 2.95546e-18 -0.258033 5.06059 -0.258033 -5.06059 78.0353 5.55156e-19
38 0 -2.55254 0 260.314 0 0.216095 6.25067 0.216095 -6.25067 76.7414 0
39 0 -2.45437 0 252.001 0 -0.159223 6.68162 -0.159223 -6.68162 75.1002 -5.55156e-19
40 0 -2.35619 0 243.655 0 -0.0296544 7.5192 -0.0296544 -7.5192 74.0327 1.38789e-19
41 0 -2.25802 0 233.302 -1.12561e-18 -0.049014 8.2646 -0.049014 -8.2646 72.3799 -2.77578e-19
42 0 -2.15984 0 224.307 0 -0.212251 9.063 -0.212251 -9.063 70.7803 -1.11031e-18
43 0 -2.06167 0 213.113 7.5138e-18 0.348667 9.56254 0.348667 -9.56254 68.7311 0
44 0 -1.9635 0 200.812 0 0.296512 10.2608 0.296512 -10.2608 66.5431 2.22062e-18
45 0 -1.86532 0 189.114 5.91677e-18 0.286477 10.86 0.286477 -10.86 64.1882 -2.22062e-18
46 0 -1.76715 0 175.997 5.12447e-18 0.215205 11.1412 0.215205 -11.1412 62.1804 -2.22062e-18
47 0 -1.66897 0 163.563 2.21298e-18 -0.0985629 11.4968 -0.0985629 -11.4968 59.6562 0
48 0 -1.5708 0 151.136 7.55797e-18 -0.272474 11.851 -0.272474 -11.851 57.1782 0
49 0 -1.47262 0 137.276 0 0.576925 11.8123 0.576925 -11.8123 53.8403 -8.88249e-18
50 0 -1.37445 0 124.819 -5.15501e-18 -0.145788 11.5874 -0.145788 -11.5874 51.1361 0
51 0 -1.27627 0 112.359 -8.35431e-18 -0.27902 11.2557 -0.27902 -11.2557 48.0738 0
52 0 -1.1781 0 99.454 1.63637e-18 -0.0333862 11.0263 -0.0333862 -11.0263 44.9087 0
53 0 -1.07992 0 88.0903 0 -0.000421535 10.9741 -0.000421535 -10.9741 41.4002 -8.67431e-21
54 0 -0.981748 0 76.4087 0 0.20692 10.0891 0.20692 -10.0891 38.2364 -4.44125e-18
55 0 -0.883573 0 65.311 0 -0.0541286 9.49285 -0.0541286 -9.49285 34.3696 1.11031e-18
56 0 -0.785398 0 54.9839 0 0.081491 8.98258 0.081491 -8.98258 30.9009 -2.22062e-18
57 0 -0.687223 0 45.463 0 0.080053 8.16936 0.080053 -8.16936 27.1579 -2.22062e-18
58 0 -0.589049 0 36.6888 8.90772e-19 -0.0171237 7.12361 -0.0171237 -7.12361 23.7426 0
59 0 -0.490874 0 28.5784 4.3238e-18 -0.104373 6.10139 -0.104373 -6.10139 19.8685 0
60 0 -0.392699 0 21.5382 -6.13968e-19 0.0151892 5.07529 0.0151892 -5.07529 16.0595 5.55156e-19
61 0 -0.294524 0 15.1216 0 -0.00545432 3.83106 -0.00545432 -3.83106 11.7718 0
62 0 -0.19635 0 9.36154 0 0.113206 2.59498 0.113206 -2.59498 8.12672 0
63 0 -0.0981748 0 4.4419 0 -0.0643511 1.38287 -0.0643511 -1.38287 3.95613 0
############################################################
# Current time step                      : 7000000
# Total number of GFC measurements       : 300000
# Average temperature of the measurement : 0.0100003
# Boltzmann constant under current units : 1
# Basis of the surface unit cell         : 0 0 
############################################################
# ix	 iy 	 qx 	 qy			 Phi(q)
0 0 0 0 0.151206 0 -0.0832928 0 -0.0832928 0 0.155564 0
1 0 0.0981748 0 4.46187 0 -0.0122051 -1.29229 -0.0122051 1.29229 4.01854 0
2 0 0.19635 0 9.38301 0 0.0296482 -2.6444 0.0296482 2.6444 8.11543 -1.11026e-18
3 0 0.294524 0 15.1465 0 0.0323801 -3.851 0.0323801 3.851 11.8384 0
4 0 0.392699 0 21.5991 -1.23483e-18 0.0177098 -5.07134 0.0177098 5.07134 15.9727 0
5 0 0.490874 0 28.5442 -4.31324e-18 -0.066183 -6.10771 -0.066183 6.10771 19.8809 0
6 0 0.589049 0 36.6146 -1.77425e-18 0.0301436 -7.11282 0.0301436 7.11282 23.6885 0
7 0 0.687223 0 45.3982 0 0.0766902 -8.2023 0.0766902 8.2023 27.1763 0
8 0 0.785398 0 54.8978 -6.23214e-20 0.00175714 -8.88706 0.00175714 8.88706 30.8811 0
9 0 0.883573 0 65.4955 5.67715e-18 -0.099057 -9.57251 -0.099057 9.57251 34.4474 -2.22053e-18
10 0 0.981748 0 76.4968 -3.87225e-18 0.0840194 -10.079 0.0840194 10.079 38.1007 -2.22053e-18
11 0 1.07992 0 88.1668 0 0.00633414 -10.8863 0.00633414 10.8863 41.4269 0
12 0 1.1781 0 99.3469 0 -0.0771065 -10.9292 -0.0771065 10.9292 45.0057 0
13 0 1.27627 0 112.492 0 -0.157523 -11.3127 -0.157523 11.3127 48.0238 2.22053e-18
14 0 1.37445 0 124.557 0 -0.0565525 -11.6651 -0.0565525 11.6651 50.9808 0
15 0 1.47262 0 137.777 0 0.428606 -11.7974 0.428606 11.7974 53.7439 4.44106e-18
16 0 1.5708 0 151.289 0 -0.324004 -11.8214 -0.324004 11.8214 57.0826 0
17 0 1.66897 0 163.748 0 0.00292429 -11.537 0.00292429 11.537 59.6112 0
18 0 1.76715 0 176.461 -5.15127e-18 0.173026 -11.0875 0.173026 11.0875 62.344 -2.22053e-18
19 0 1.86532 0 188.622 0 0.12777 -10.7175 0.12777 10.7175 64.2985 -1.11026e-18
20 0 1.9635 0 200.949 0 0.0828304 -10.2726 0.0828304 10.2726 66.8156 0
21 0 2.06167 0 213.088 0 0.304997 -9.66982 0.304997 9.66982 68.7113 0
22 0 2.15984 0 224.127 0 -0.15394 -9.2898 -0.15394 9.2898 70.7234 0
23 0 2.25802 0 233.59 0 -0.0336906 -8.65414 -0.0336906 8.65414 72.3528 0
24 0 2.35619 0 243.557 0 0.00860427 -7.45255 0.00860427 7.45255 73.8873 0
25 0 2.45437 0 252.447 -1.31785e-18 -0.131544 -6.74333 -0.131544 6.74333 75.5537 0
26 0 2.55254 0 260.563 7.01973e-19 0.0712503 -6.18457 0.0712503 6.18457 76.6293 0
27 0 2.65072 0 267.308 1.47758e-18 -0.203321 -5.09256 -0.203321 5.09256 78.0162 0
28 0 2.74889 0 273.291 0 -0.130837 -3.96782 -0.130837 3.96782 78.2549 0
29 0 2.84707 0 277.408 -3.97835e-19 0.0736231 -2.82969 0.0736231 2.82969 79.3627 0
30 0 2.94524 0 279.58 0 0.0885907 -1.91617 0.0885907 1.91617 79.5294 0
31 0 3.04342 0 282.023 -4.11184e-19 0.159017 -1.18522 0.159017 1.18522 80.0832 0
32 0 3.14159 0 284.04 0 0.25233 0 0.25233 0 80.2519 0
33 0 -3.04342 0 282.023 0 0.159017 1.18522 0.159017 -1.18522 80.0832 0
34 0 -2.94524 0 279.58 0 0.0885907 1.91617 0.0885907 -1.91617 79.5294 0
35 0 -2.84707 0 277.408 3.97835e-19 0.0736231 2.82969 0.0736231 -2.82969 79.3627 0
36 0 -2.74889 0 273.291 0 -0.130837 3.96782 -0.130837 -3.96782 78.2549 0
37 0 -2.65072 0 267.308 0 -0.203321 5.09256 -0.203321 -5.09256 78.0162 0
38 0 -2.55254 0 260.563 0 0.0712503 6.18457 0.0712503 -6.18457 76.6293 -2.77566e-19
39 0 -2.45437 0 252.447 1.31785e-18 -0.131544 6.74333 -0.131544 -6.74333 75.5537 0
40 0 -2.35619 0 243.557 0 0.00860427 7.45255 0.00860427 -7.45255 73.8873 0
41 0 -2.25802 0 233.59 -5.64165e-19 -0.0336906 8.65414 -0.0336906 -8.65414 72.3528 -2.77566e-19
42 0 -2.15984 0 224.127 0 -0.15394 9.2898 -0.15394 -9.2898 70.7234 0
43 0 -2.06167 0 213.088 0 0.304997 9.66982 0.304997 -9.66982 68.7113 0
44 0 -1.9635 0 200.949 -1.67005e-18 0.0828304 10.2726 0.0828304 -10.2726 66.8156 1.11026e-18
45 0 -1.86532 0 188.622 0 0.12777 10.7175 0.12777 -10.7175 64.2985 0
46 0 -1.76715 0 176.461 0 0.173026 11.0875 0.173026 -11.0875 62.344 -2.22053e-18
47 0 -1.66897 0 163.748 6.93086e-20 0.00292429 11.537 0.00292429 -11.537 59.6112 -3.46958e-20
48 0 -1.5708 0 151.289 0 -0.324004 11.8214 -0.324004 -11.8214 57.0826 0
49 0 -1.47262 0 137.777 0 0.428606 11.7974 0.428606 -11.7974 53.7439 0
50 0 -1.37445 0 124.557 0 -0.0565525 11.6651 -0.0565525 -11.6651 50.9808 0
51 0 -1.27627 0 112.492 0 -0.157523 11.3127 -0.157523 -11.3127 48.0238 0
52 0 -1.1781 0 99.3469 3.26554e-18 -0.0771065 10.9292 -0.0771065 -10.9292 45.0057 0
53 0 -1.07992 0 88.1668 0 0.00633414 10.8863 0.00633414 -10.8863 41.4269 1.38783e-19
54 0 -0.981748 0 76.4968 0 0.0840194 10.079 0.0840194 -10.079 38.1007 0
55 0 -0.883573 0 65.4955 5.67715e-18 -0.099057 9.57251 -0.099057 -9.57251 34.4474 0
56 0 -0.785398 0 54.8978 0 0.00175714 8.88706 0.00175714 -8.88706 30.8811 0
57 0 -0.687223 0 45.3982 0 0.0766902 8.2023 0.0766902 -8.2023 27.1763 0
58 0 -0.589049 0 36.6146 0 0.0301436 7.11282 0.0301436 -7.11282 23.6885 0
59 0 -0.490874 0 28.5442 -4.31324e-18 -0.066183 6.10771 -0.066183 -6.10771 19.8809 0
60 0 -0.392699 0 21.5991 0 0.0177098 5.07134 0.0177098 -5.07134 15.9727 5.55132e-19
61 0 -0.294524 0 15.1465 0 0.0323801 3.851 0.0323801 -3.851 11.8384 0
62 0 -0.19635 0 9.38301 0 0.0296482 2.6444 0.0296482 -2.6444 8.11543 1.11026e-18
63 0 -0.0981748 0 4.46187 0 -0.0122051 1.29229 -0.0122051 -1.29229 4.01854 0
############################################################
# Current time step                      : 9000000
# Total number of GFC measurements       : 400000
# Average temperature of the measurement : 0.0100005
# Boltzmann constant under current units : 1
# Basis of the surface unit cell         : 0 0 
############################################################
# ix	 iy 	 qx 	 qy			 Phi(q)
0 0 0 0 0.0825805 0 -0.0454214 0 -0.0454214 0 0.155317 0
1 0 0.0981748 0 4.38999 0 -0.0297019 -1.27133 -0.0297019 1.27133 3.99297 -1.11029e-18
2 0 0.19635 0 9.37001 0 0.0192384 -2.59158 0.0192384 2.59158 8.0751 0
3 0 0.294524 0 15.1096 0 0.0220692 -3.87807 0.0220692 3.87807 11.8945 0
4 0 0.392699 0 21.5249 -1.53294e-19 -0.00350541 -5.00324 -0.00350541 5.00324 15.9376 0
5 0 0.490874 0 28.5539 0 0.00599744 -6.10909 0.00599744 6.10909 19.972 0
6 0 0.589049 0 36.7419 4.46651e-19 -0.00697427 -7.15846 -0.00697427 7.15846 23.7502 -2.77572e-19
7 0 0.687223 0 45.4368 0 0.0599226 -8.15856 0.0599226 8.15856 27.1524 0
8 0 0.785398 0 55.0246 2.50437e-19 0.00421659 -8.88365 0.00421659 8.88365 30.9127 0
9 0 0.883573 0 65.5814 0 -0.102075 -9.6532 -0.102075 9.6532 34.576 0
10 0 0.981748 0 76.4871 0 0.0336365 -10.1393 0.0336365 10.1393 38.1425 0
11 0 1.07992 0 88.1496 1.28545e-18 -0.0335215 -10.9751 -0.0335215 10.9751 41.4549 0
12 0 1.1781 0 99.4105 -6.53941e-18 -0.195145 -10.9559 -0.195145 10.9559 44.9131 0
13 0 1.27627 0 112.598 0 -0.186051 -11.3823 -0.186051 11.3823 47.9572 0
14 0 1.37445 0 124.672 -1.28565e-18 -0.0305451 -11.6351 -0.0305451 11.6351 51.004 0
15 0 1.47262 0 137.634 0 0.367564 -11.7858 0.367564 11.7858 53.8914 0
16 0 1.5708 0 151.187 0 -0.16964 -11.8718 -0.16964 11.8718 57.038 0
17 0 1.66897 0 163.914 -2.77795e-19 0.00643903 -11.5351 0.00643903 11.5351 59.5005 0
18 0 1.76715 0 176.626 0 0.073218 -11.0822 0.073218 11.0822 62.3528 0
19 0 1.86532 0 188.776 2.94765e-18 0.116446 -10.7328 0.116446 10.7328 64.2366 0
20 0 1.9635 0 201.024 0 0.00176651 -10.3397 0.00176651 10.3397 66.7637 0
21 0 2.06167 0 213.157 7.51647e-18 0.264025 -9.69648 0.264025 9.69648 68.6956 0
22 0 2.15984 0 224.32 0 -0.249883 -9.31037 -0.249883 9.31037 70.7543 -2.22058e-18
23 0 2.25802 0 233.81 0 -0.0300321 -8.65595 -0.0300321 8.65595 72.3305 -1.38786e-19
24 0 2.35619 0 243.815 0 0.0967465 -7.41794 0.0967465 7.41794 73.9213 0
25 0 2.45437 0 252.327 0 -0.0531379 -6.86481 -0.0531379 6.86481 75.6896 -2.77572e-19
26 0 2.55254 0 260.996 0 0.172218 -6.18394 0.172218 6.18394 76.6092 5.55145e-19
27 0 2.65072 0 267.427 -1.47889e-18 -0.17512 -5.12936 -0.17512 5.12936 77.9212 5.55145e-19
28 0 2.74889 0 272.964 0 -0.153017 -4.07792 -0.153017 4.07792 78.1407 -2.77572e-19
29 0 2.84707 0 277.317 1.24241e-20 0.0026628 -2.92658 0.0026628 2.92658 79.4087 0
30 0 2.94524 0 279.555 -4.04016e-19 0.107586 -2.10038 0.107586 2.10038 79.461 0
31 0 3.04342 0 282.176 0 0.219732 -1.03477 0.219732 1.03477 80.0081 -1.38786e-19
32 0 3.14159 0 283.599 0 0.286894 0 0.286894 0 80.2276 0
33 0 -3.04342 0 282.176 0 0.219732 1.03477 0.219732 -1.03477 80.0081 0
34 0 -2.94524 0 279.555 4.04016e-19 0.107586 2.10038 0.107586 -2.10038 79.461 0
35 0 -2.84707 0 277.317 0 0.0026628 2.92658 0.0026628 -2.92658 79.4087 0
36 0 -2.74889 0 272.964 0 -0.153017 4.07792 -0.153017 -4.07792 78.1407 0
37 0 -2.65072 0 267.427 0 -0.17512 5.12936 -0.17512 -5.12936 77.9212 0
38 0 -2.55254 0 260.996 0 0.172218 6.18394 0.172218 -6.18394 76.6092 0
39 0 -2.45437 0 252.327 0 -0.0531379 6.86481 -0.0531379 -6.86481 75.6896 2.77572e-19
40 0 -2.35619 0 243.815 0 0.0967465 7.41794 0.0967465 -7.41794 73.9213 5.55145e-19
41 0 -2.25802 0 233.81 -5.65223e-19 -0.0300321 8.65595 -0.0300321 -8.65595 72.3305 0
42 0 -2.15984 0 224.32 4.16218e-18 -0.249883 9.31037 -0.249883 -9.31037 70.7543 0
43 0 -2.06167 0 213.157 0 0.264025 9.69648 0.264025 -9.69648 68.6956 0
44 0 -1.9635 0 201.024 5.22277e-20 0.00176651 10.3397 0.00176651 -10.3397 66.7637 -1.73483e-20
45 0 -1.86532 0 188.776 0 0.116446 10.7328 0.116446 -10.7328 64.2366 0
46 0 -1.76715 0 176.626 0 0.073218 11.0822 0.073218 -11.0822 62.3528 0
47 0 -1.66897 0 163.914 0 0.00643903 11.5351 0.00643903 -11.5351 59.5005 6.93931e-20
48 0 -1.5708 0 151.187 0 -0.16964 11.8718 -0.16964 -11.8718 57.038 0
49 0 -1.47262 0 137.634 0 0.367564 11.7858 0.367564 -11.7858 53.8914 0
50 0 -1.37445 0 124.672 0 -0.0305451 11.6351 -0.0305451 -11.6351 51.004 0
51 0 -1.27627 0 112.598 0 -0.186051 11.3823 -0.186051 -11.3823 47.9572 -2.22058e-18
52 0 -1.1781 0 99.4105 -6.53941e-18 -0.195145 10.9559 -0.195145 -10.9559 44.9131 -4.44116e-18
53 0 -1.07992 0 88.1496 0 -0.0335215 10.9751 -0.0335215 -10.9751 41.4549 0
54 0 -0.981748 0 76.4871 0 0.0336365 10.1393 0.0336365 -10.1393 38.1425 0
55 0 -0.883573 0 65.5814 -5.692e-18 -0.102075 9.6532 -0.102075 -9.6532 34.576 0
56 0 -0.785398 0 55.0246 0 0.00421659 8.88365 0.00421659 -8.88365 30.9127 -1.38786e-19
57 0 -0.687223 0 45.4368 0 0.0599226 8.15856 0.0599226 -8.15856 27.1524 0
58 0 -0.589049 0 36.7419 0 -0.00697427 7.15846 -0.00697427 -7.15846 23.7502 2.77572e-19
59 0 -0.490874 0 28.5539 0 0.00599744 6.10909 0.00599744 -6.10909 19.972 0
60 0 -0.392699 0 21.5249 1.53294e-19 -0.00350541 5.00324 -0.00350541 -5.00324 15.9376 -1.38786e-19
61 0 -0.294524 0 15.1096 -1.20857e-18 0.0220692 3.87807 0.0220692 -3.87807 11.8945 0
62 0 -0.19635 0 9.37001 0 0.0192384 2.59158 0.0192384 -2.59158 8.0751 0
63 0 -0.0981748 0 4.38999 0 -0.0297019 1.27133 -0.0297019 -1.27133 3.99297 1.11029e-18
############################################################
# Current time step                      : 11000000
# Total number of GFC measurements       : 500000
# Average temperature of the measurement : 0.0100004
# Boltzmann constant under current units : 1
# Basis of the surface unit cell         : 0 0 
############################################################
# ix	 iy 	 qx 	 qy			 Phi(q)
0 0 0 0 0.0558591 0 -0.024117 0 -0.024117 0 0.156389 0
1 0 0.0981748 0 4.36188 0 -0.0438349 -1.23345 -0.0438349 1.23345 4.01714 0
2 0 0.19635 0 9.37484 0 0.0280783 -2.60116 0.0280783 2.60116 8.04846 1.11027e-18
3 0 0.294524 0 15.1385 -7.58246e-20 0.000970265 -3.92009 0.000970265 3.92009 11.9278 3.46961e-20
4 0 0.392699 0 21.5634 -1.53844e-19 0.00378224 -5.03465 0.00378224 5.03465 15.962 0
5 0 0.490874 0 28.6786 0 0.0474639 -6.10497 0.0474639 6.10497 19.9501 0
6 0 0.589049 0 36.7376 0 0.000256636 -7.14893 0.000256636 7.14893 23.6732 0
7 0 0.687223 0 45.555 0 -0.0186019 -8.15981 -0.0186019 8.15981 27.1608 -5.55137e-19
8 0 0.785398 0 55.0335 -6.26296e-20 0.00181537 -8.90847 0.00181537 8.90847 30.8972 0
9 0 0.883573 0 65.5888 -5.69331e-18 -0.132312 -9.66116 -0.132312 9.66116 34.6273 2.22055e-18
10 0 0.981748 0 76.4204 0 0.0822436 -10.2374 0.0822436 10.2374 38.188 0
11 0 1.07992 0 88.1479 0 -0.0426442 -10.9489 -0.0426442 10.9489 41.4191 0
12 0 1.1781 0 99.5061 0 -0.143381 -11.0327 -0.143381 11.0327 44.9421 0
13 0 1.27627 0 112.455 0 -0.191048 -11.436 -0.191048 11.436 48.0325 0
14 0 1.37445 0 124.55 0 0.000353367 -11.618 0.000353367 11.618 50.9401 -4.33701e-21
15 0 1.47262 0 137.899 6.29171e-18 0.192621 -11.8335 0.192621 11.8335 53.8868 -2.22055e-18
16 0 1.5708 0 151.161 0 -0.174536 -11.8802 -0.174536 11.8802 57.0823 0
17 0 1.66897 0 163.987 -2.22435e-18 0.0671352 -11.3878 0.0671352 11.3878 59.4968 5.55137e-19
18 0 1.76715 0 176.55 -3.22279e-19 0.0154915 -11.0637 0.0154915 11.0637 62.1886 -1.38784e-19
19 0 1.86532 0 188.69 0 0.110572 -10.8103 0.110572 10.8103 64.3252 0
20 0 1.9635 0 201.077 0 0.0606525 -10.3202 0.0606525 10.3202 66.7417 0
21 0 2.06167 0 213.028 0 0.245105 -9.86722 0.245105 9.86722 68.7633 0
22 0 2.15984 0 224.134 4.15528e-18 -0.254477 -9.21735 -0.254477 9.21735 70.8108 0
23 0 2.25802 0 233.734 0 -0.051369 -8.68256 -0.051369 8.68256 72.3176 -2.77569e-19
24 0 2.35619 0 243.943 0 -0.00236718 -7.38366 -0.00236718 7.38366 73.8442 -8.67402e-21
25 0 2.45437 0 252.574 0 -0.0112567 -6.79152 -0.0112567 6.79152 75.652 0
26 0 2.55254 0 261.095 -7.04843e-19 0.0545884 -6.01858 0.0545884 6.01858 76.4542 2.77569e-19
27 0 2.65072 0 267.747 0 -0.158544 -5.15207 -0.158544 5.15207 77.8185 0
28 0 2.74889 0 273.31 0 -0.122881 -4.08928 -0.122881 4.08928 78.2813 2.77569e-19
29 0 2.84707 0 277.308 -3.97548e-19 0.0506622 -2.95457 0.0506622 2.95457 79.368 0
30 0 2.94524 0 279.858 0 -0.0272917 -2.09494 -0.0272917 2.09494 79.5315 3.46961e-20
31 0 3.04342 0 282.322 0 0.239181 -0.986536 0.239181 0.986536 79.9881 0
32 0 3.14159 0 283.356 0 0.251464 0 0.251464 0 80.1698 0
33 0 -3.04342 0 282.322 -4.12056e-19 0.239181 0.986536 0.239181 -0.986536 79.9881 0
34 0 -2.94524 0 279.858 0 -0.0272917 2.09494 -0.0272917 -2.09494 79.5315 0
35 0 -2.84707 0 277.308 0 0.0506622 2.95457 0.0506622 -2.95457 79.368 -6.93921e-20
36 0 -2.74889 0 273.31 0 -0.122881 4.08928 -0.122881 -4.08928 78.2813 -2.77569e-19
37 0 -2.65072 0 267.747 0 -0.158544 5.15207 -0.158544 -5.15207 77.8185 0
38 0 -2.55254 0 261.095 0 0.0545884 6.01858 0.0545884 -6.01858 76.4542 0
39 0 -2.45437 0 252.574 0 -0.0112567 6.79152 -0.0112567 -6.79152 75.652 0
40 0 -2.35619 0 243.943 0 -0.00236718 7.38366 -0.00236718 -7.38366 73.8442 -8.67402e-21
41 0 -2.25802 0 233.734 0 -0.051369 8.68256 -0.051369 -8.68256 72.3176 0
42 0 -2.15984 0 224.134 0 -0.254477 9.21735 -0.254477 -9.21735 70.8108 0
43 0 -2.06167 0 213.028 7.50739e-18 0.245105 9.86722 0.245105 -9.86722 68.7633 0
44 0 -1.9635 0 201.077 0 0.0606525 10.3202 0.0606525 -10.3202 66.7417 -5.55137e-19
45 0 -1.86532 0 188.69 0 0.110572 10.8103 0.110572 -10.8103 64.3252 0
46 0 -1.76715 0 176.55 3.22279e-19 0.0154915 11.0637 0.0154915 -11.0637 62.1886 -1.38784e-19
47 0 -1.66897 0 163.987 0 0.0671352 11.3878 0.0671352 -11.3878 59.4968 0
48 0 -1.5708 0 151.161 0 -0.174536 11.8802 -0.174536 -11.8802 57.0823 -2.22055e-18
49 0 -1.47262 0 137.899 0 0.192621 11.8335 0.192621 -11.8335 53.8868 0
50 0 -1.37445 0 124.55 0 0.000353367 11.618 0.000353367 -11.618 50.9401 0
51 0 -1.27627 0 112.455 -8.36828e-18 -0.191048 11.436 -0.191048 -11.436 48.0325 2.22055e-18
52 0 -1.1781 0 99.5061 0 -0.143381 11.0327 -0.143381 -11.0327 44.9421 0
53 0 -1.07992 0 88.1479 0 -0.0426442 10.9489 -0.0426442 -10.9489 41.4191 0
54 0 -0.981748 0 76.4204 3.86451e-18 0.0822436 10.2374 0.0822436 -10.2374 38.188 -2.22055e-18
55 0 -0.883573 0 65.5888 0 -0.132312 9.66116 -0.132312 -9.66116 34.6273 0
56 0 -0.785398 0 55.0335 6.26296e-20 0.00181537 8.90847 0.00181537 -8.90847 30.8972 0
57 0 -0.687223 0 45.555 0 -0.0186019 8.15981 -0.0186019 -8.15981 27.1608 5.55137e-19
58 0 -0.589049 0 36.7376 0 0.000256636 7.14893 0.000256636 -7.14893 23.6732 8.67402e-21
59 0 -0.490874 0 28.6786 2.17696e-18 0.0474639 6.10497 0.0474639 -6.10497 19.9501 0
60 0 -0.392699 0 21.5634 0 0.00378224 5.03465 0.00378224 -5.03465 15.962 0
61 0 -0.294524 0 15.1385 0 0.000970265 3.92009 0.000970265 -3.92009 11.9278 0
62 0 -0.19635 0 9.37484 -1.86103e-18 0.0280783 2.60116 0.0280783 -2.60116 8.04846 0
63 0 -0.0981748 0 4.36188 0 -0.0438349 1.23345 -0.0438349 -1.23345 4.01714 0
