############################################################
# group name of the Green's Function layer : bottom
# total number of atoms in the GF layer    : 64
# dimension of the system                  : 2 D
# number of atoms per unit surface cell    : 2
# dimension of the FFT mesh                : 32 x 1
# atomic tag of the surface origin         : 1
# number of wait steps before measurement  : 1000000
# frequency of GFC measurement             : 20
# output result after this many measurement: 100000
# number of processors used by this run    : 4
############################################################
# Surface vectors: [ 2.22642, 0 ] [ 0, 1 ]
# mapping information between FFT mesh and atom id
# nx ny nucell
32 1 2
# ix iy iu atom_id
0 0 0 1
0 0 1 2
1 0 0 3
1 0 1 4
2 0 0 5
2 0 1 6
3 0 0 7
3 0 1 8
4 0 0 9
4 0 1 10
5 0 0 11
5 0 1 12
6 0 0 13
6 0 1 14
7 0 0 15
7 0 1 16
8 0 0 17
8 0 1 18
9 0 0 19
9 0 1 20
10 0 0 21
10 0 1 22
11 0 0 23
11 0 1 24
12 0 0 25
12 0 1 26
13 0 0 27
13 0 1 28
14 0 0 29
14 0 1 30
15 0 0 31
15 0 1 32
16 0 0 33
16 0 1 34
17 0 0 35
17 0 1 36
18 0 0 37
18 0 1 38
19 0 0 39
19 0 1 40
20 0 0 41
20 0 1 42
21 0 0 43
21 0 1 44
22 0 0 45
22 0 1 46
23 0 0 47
23 0 1 48
24 0 0 49
24 0 1 50
25 0 0 51
25 0 1 52
26 0 0 53
26 0 1 54
27 0 0 55
27 0 1 56
28 0 0 57
28 0 1 58
29 0 0 59
29 0 1 60
30 0 0 61
30 0 1 62
31 0 0 63
31 0 1 64
############################################################
############################################################
# Current time step                      : 3000000
# Total number of GFC measurements       : 100000
# Average temperature of the measurement : 0.0100001
# Boltzmann constant under current units : 1
# Basis of the surface unit cell         : 0 0 1.11322 -4.02409e-05 
############################################################
# ix	 iy 	 qx 	 qy			 Phi(q)
0 0 0 0 141.322 0 0.203794 0 -141.155 0 -0.249965 0 0.203794 0 40.3505 0 -0.240932 0 -40.2282 0 -141.155 0 -0.240932 0 141.31 0 0.237055 0 -0.249965 0 -40.2282 0 0.237055 0 40.356 0
1 0 0.19635 0 143.276 -2.27638e-15 -0.21158 -0.125441 -137.984 13.4772 0.0564292 -1.29692 -0.21158 0.125441 42.1024 -2.31519e-15 0.43218 1.28369 -37.8955 3.66064 -137.984 -13.4772 0.43218 -1.28369 143.356 2.92408e-16 -0.136719 -0.20891 0.0564292 1.29692 -37.8955 -3.66064 -0.136719 0.20891 41.9607 -2.25353e-15
2 0 0.392699 0 144.744 -2.72867e-14 -0.0244741 -0.331938 -132.655 26.3835 -0.314977 -2.13113 -0.0244741 0.331938 43.9386 3.21992e-17 0.448648 2.01119 -35.3304 7.02336 -132.655 -26.3835 0.448648 -2.01119 144.705 -2.83948e-14 -0.0414187 -0.257856 -0.314977 2.13113 -35.3304 -7.02336 -0.0414187 0.257856 44.2515 -4.57138e-18
3 0 0.589049 0 145.907 -1.11168e-17 0.0340656 -0.381584 -125.019 37.8779 -0.840842 -3.4034 0.0340656 0.381584 45.373 1.83422e-17 0.889655 3.27948 -32.2208 9.7681 -125.019 -37.8779 0.889655 -3.27948 145.376 0 0.104997 -0.394455 -0.840842 3.4034 -32.2208 -9.7681 0.104997 0.394455 45.3727 6.6619e-18
4 0 0.785398 0 147.434 1.26431e-17 0.00614305 -0.506057 -116.345 48.3084 -1.72472 -4.11518 0.00614305 0.506057 47.2399 4.04658e-18 1.64547 4.45212 -28.4908 11.8241 -116.345 -48.3084 1.64547 -4.45212 147.647 4.5472e-15 0.0808685 -0.385055 -1.72472 4.11518 -28.4908 -11.8241 0.0808685 0.385055 47.118 -1.17249e-15
5 0 0.981748 0 148.231 1.35846e-14 -0.145322 -0.241368 -105.461 56.4375 -2.76968 -5.05406 -0.145322 0.241368 48.8003 -3.60853e-18 2.84914 4.89585 -25.5686 13.7401 -105.461 -56.4375 2.84914 -4.89585 148.498 1.47394e-14 -0.185861 -0.665789 -2.76968 5.05406 -25.5686 -13.7401 -0.185861 0.665789 49.1333 1.5845e-15
6 0 1.1781 0 148.639 1.45042e-14 -0.12705 -0.638532 -92.9753 62.0559 -3.84583 -5.83777 -0.12705 0.638532 50.3748 -6.94642e-17 3.88232 5.56419 -22.1646 14.5649 -92.9753 -62.0559 3.88232 -5.56419 148.577 1.37711e-14 0.0913261 -0.346664 -3.84583 5.83777 -22.1646 -14.5649 0.0913261 0.346664 50.8431 1.53588e-15
7 0 1.37445 0 148.17 -1.95299e-18 -0.14518 -0.735738 -79.7212 65.1234 -4.59256 -6.13168 -0.14518 0.735738 51.3167 -1.11032e-18 4.70613 5.61919 -18.4339 15.1579 -79.7212 -65.1234 4.70613 -5.61919 148.527 0 -0.103455 -0.506073 -4.59256 6.13168 -18.4339 -15.1579 -0.103455 0.506073 51.2559 -1.36916e-16
8 0 1.5708 0 150.396 -2.54471e-16 0.00471535 -0.656792 -67.1092 66.4463 -5.94013 -6.00078 0.00471535 0.656792 52.3591 5.01976e-16 5.83618 5.66137 -15.2634 15.366 -67.1092 -66.4463 5.83618 -5.66137 149.106 4.26974e-17 -0.0939837 -0.527324 -5.94013 6.00078 -15.2634 -15.366 -0.0939837 0.527324 52.721 -4.66333e-17
9 0 1.76715 0 148.871 0 -0.303034 -0.194127 -52.6588 65.1116 -6.93605 -5.54633 -0.303034 0.194127 53.1572 -5.77365e-17 6.97269 5.73404 -12.3431 14.6042 -52.6588 -65.1116 6.97269 -5.73404 149.129 -2.53879e-16 0.141984 -1.05799 -6.93605 5.54633 -12.3431 -14.6042 0.141984 1.05799 53.7212 -4.63237e-16
10 0 1.9635 0 150.426 2.44129e-15 -0.0925619 -0.43211 -41.4973 61.425 -7.63429 -5.5495 -0.0925619 0.43211 54.8681 1.44341e-17 7.77978 5.50877 -9.18242 13.2907 -41.4973 -61.425 7.77978 -5.50877 150.825 -2.41342e-16 -0.129613 -0.441889 -7.63429 5.5495 -9.18242 -13.2907 -0.129613 0.441889 54.0996 7.63343e-19
11 0 2.15984 0 150.7 0 -0.121167 -0.409177 -29.5247 55.4918 -9.22953 -4.78969 -0.121167 0.409177 54.8253 -3.66404e-17 9.1954 5.05203 -6.45875 12.0584 -29.5247 -55.4918 9.1954 -5.05203 151.287 -1.97855e-15 0.158673 -0.730205 -9.22953 4.78969 -6.45875 -12.0584 0.158673 0.730205 54.9231 6.93948e-17
12 0 2.35619 0 150.231 0 -0.136382 -0.335802 -19.23 46.782 -9.57763 -4.03116 -0.136382 0.335802 55.8672 1.28597e-16 9.84635 4.38147 -4.07746 10.2586 -19.23 -46.782 9.84635 -4.38147 149.681 9.46158e-17 0.149965 -0.507582 -9.57763 4.03116 -4.07746 -10.2586 0.149965 0.507582 55.7187 1.0659e-16
13 0 2.55254 0 150.767 -5.684e-16 0.221244 -0.322725 -10.9919 36.5677 -10.4485 -2.83091 0.221244 0.322725 55.9334 3.44198e-17 10.8076 3.70436 -2.23442 8.04454 -10.9919 -36.5677 10.8076 -3.70436 150.817 -5.96465e-16 -0.164461 -0.169247 -10.4485 2.83091 -2.23442 -8.04454 -0.164461 0.169247 56.4441 -6.48124e-17
14 0 2.74889 0 150.395 5.89391e-17 -0.0153203 0.108193 -4.53444 25.4852 -11.3546 -2.46072 -0.0153203 -0.108193 56.3501 -3.55475e-17 10.9399 2.37232 -1.36852 5.0747 -4.53444 -25.4852 10.9399 -2.37232 150.049 -1.421e-16 -0.454889 -0.421558 -11.3546 2.46072 -1.36852 -5.0747 -0.454889 0.421558 56.8751 -5.20929e-17
15 0 2.94524 0 150.405 5.00986e-17 0.397882 -0.137147 -0.680568 13.083 -11.8752 -1.4889 0.397882 0.137147 56.7727 -9.43769e-18 11.617 0.75183 -0.370419 2.99858 -0.680568 -13.083 11.617 -0.75183 150.816 0 -0.22406 -0.177414 -11.8752 1.4889 -0.370419 -2.99858 -0.22406 0.177414 56.4642 -1.76263e-17
16 0 3.14159 0 149.878 0 -0.0788858 0 -0.477077 0 -11.9954 0 -0.0788858 0 57.7607 0 11.448 0 -0.187351 0 -0.477077 0 11.448 0 151.923 0 -0.468354 0 -11.9954 0 -0.187351 0 -0.468354 0 56.8891 0
17 0 -2.94524 0 150.405 -5.00986e-17 0.397882 0.137147 -0.680568 -13.083 -11.8752 1.4889 0.397882 -0.137147 56.7727 9.43769e-18 11.617 -0.75183 -0.370419 -2.99858 -0.680568 13.083 11.617 0.75183 150.816 0 -0.22406 0.177414 -11.8752 -1.4889 -0.370419 2.99858 -0.22406 -0.177414 56.4642 1.76263e-17
18 0 -2.74889 0 150.395 -5.89391e-17 -0.0153203 -0.108193 -4.53444 -25.4852 -11.3546 2.46072 -0.0153203 0.108193 56.3501 3.55475e-17 10.9399 -2.37232 -1.36852 -5.0747 -4.53444 25.4852 10.9399 2.37232 150.049 1.421e-16 -0.454889 0.421558 -11.3546 -2.46072 -1.36852 5.0747 -0.454889 -0.421558 56.8751 5.20929e-17
19 0 -2.55254 0 150.767 5.684e-16 0.221244 0.322725 -10.9919 -36.5677 -10.4485 2.83091 0.221244 -0.322725 55.9334 -3.44198e-17 10.8076 -3.70436 -2.23442 -8.04454 -10.9919 36.5677 10.8076 3.70436 150.817 5.96465e-16 -0.164461 0.169247 -10.4485 -2.83091 -2.23442 8.04454 -0.164461 -0.169247 56.4441 6.48124e-17
20 0 -2.35619 0 150.231 0 -0.136382 0.335802 -19.23 -46.782 -9.57763 4.03116 -0.136382 -0.335802 55.8672 -1.28597e-16 9.84635 -4.38147 -4.07746 -10.2586 -19.23 46.782 9.84635 4.38147 149.681 -9.46158e-17 0.149965 0.507582 -9.57763 -4.03116 -4.07746 10.2586 0.149965 -0.507582 55.7187 -1.0659e-16
21 0 -2.15984 0 150.7 0 -0.121167 0.409177 -29.5247 -55.4918 -9.22953 4.78969 -0.121167 -0.409177 54.8253 3.66404e-17 9.1954 -5.05203 -6.45875 -12.0584 -29.5247 55.4918 9.1954 5.05203 151.287 1.97855e-15 0.158673 0.730205 -9.22953 -4.78969 -6.45875 12.0584 0.158673 -0.730205 54.9231 -6.93948e-17
22 0 -1.9635 0 150.426 -2.44129e-15 -0.0925619 0.43211 -41.4973 -61.425 -7.63429 5.5495 -0.0925619 -0.43211 54.8681 -1.44341e-17 7.77978 -5.50877 -9.18242 -13.2907 -41.4973 61.425 7.77978 5.50877 150.825 2.41342e-16 -0.129613 0.441889 -7.63429 -5.5495 -9.18242 13.2907 -0.129613 -0.441889 54.0996 -7.63343e-19
23 0 -1.76715 0 148.871 0 -0.303034 0.194127 -52.6588 -65.1116 -6.93605 5.54633 -0.303034 -0.194127 53.1572 5.77365e-17 6.97269 -5.73404 -12.3431 -14.6042 -52.6588 65.1116 6.97269 5.73404 149.129 2.53879e-16 0.141984 1.05799 -6.93605 -5.54633 -12.3431 14.6042 0.141984 -1.05799 53.7212 4.63237e-16
24 0 -1.5708 0 150.396 2.54471e-16 0.00471535 0.656792 -67.1092 -66.4463 -5.94013 6.00078 0.00471535 -0.656792 52.3591 -5.01976e-16 5.83618 -5.66137 -15.2634 -15.366 -67.1092 66.4463 5.83618 5.66137 149.106 -4.26974e-17 -0.0939837 0.527324 -5.94013 -6.00078 -15.2634 15.366 -0.0939837 -0.527324 52.721 4.66333e-17
25 0 -1.37445 0 148.17 1.95299e-18 -0.14518 0.735738 -79.7212 -65.1234 -4.59256 6.13168 -0.14518 -0.735738 51.3167 1.11032e-18 4.70613 -5.61919 -18.4339 -15.1579 -79.7212 65.1234 4.70613 5.61919 148.527 0 -0.103455 0.506073 -4.59256 -6.13168 -18.4339 15.1579 -0.103455 -0.506073 51.2559 1.36916e-16
26 0 -1.1781 0 148.639 -1.45042e-14 -0.12705 0.638532 -92.9753 -62.0559 -3.84583 5.83777 -0.12705 -0.638532 50.3748 6.94642e-17 3.88232 -5.56419 -22.1646 -14.5649 -92.9753 62.0559 3.88232 5.56419 148.577 -1.37711e-14 0.0913261 0.346664 -3.84583 -5.83777 -22.1646 14.5649 0.0913261 -0.346664 50.8431 -1.53588e-15
27 0 -0.981748 0 148.231 -1.35846e-14 -0.145322 0.241368 -105.461 -56.4375 -2.76968 5.05406 -0.145322 -0.241368 48.8003 3.60853e-18 2.84914 -4.89585 -25.5686 -13.7401 -105.461 56.4375 2.84914 4.89585 148.498 -1.47394e-14 -0.185861 0.665789 -2.76968 -5.05406 -25.5686 13.7401 -0.185861 -0.665789 49.1333 -1.5845e-15
28 0 -0.785398 0 147.434 -1.26431e-17 0.00614305 0.506057 -116.345 -48.3084 -1.72472 4.11518 0.00614305 -0.506057 47.2399 -4.04658e-18 1.64547 -4.45212 -28.4908 -11.8241 -116.345 48.3084 1.64547 4.45212 147.647 -4.5472e-15 0.0808685 0.385055 -1.72472 -4.11518 -28.4908 11.8241 0.0808685 -0.385055 47.118 1.17249e-15
29 0 -0.589049 0 145.907 1.11168e-17 0.0340656 0.381584 -125.019 -37.8779 -0.840842 3.4034 0.0340656 -0.381584 45.373 -1.83422e-17 0.889655 -3.27948 -32.2208 -9.7681 -125.019 37.8779 0.889655 3.27948 145.376 0 0.104997 0.394455 -0.840842 -3.4034 -32.2208 9.7681 0.104997 -0.394455 45.3727 -6.6619e-18
30 0 -0.392699 0 144.744 2.72867e-14 -0.0244741 0.331938 -132.655 -26.3835 -0.314977 2.13113 -0.0244741 -0.331938 43.9386 -3.21992e-17 0.448648 -2.01119 -35.3304 -7.02336 -132.655 26.3835 0.448648 2.01119 144.705 2.83948e-14 -0.0414187 0.257856 -0.314977 -2.13113 -35.3304 7.02336 -0.0414187 -0.257856 44.2515 4.57138e-18
31 0 -0.19635 0 143.276 2.27638e-15 -0.21158 0.125441 -137.984 -13.4772 0.0564292 1.29692 -0.21158 -0.125441 42.1024 2.31519e-15 0.43218 -1.28369 -37.8955 -3.66064 -137.984 13.4772 0.43218 1.28369 143.356 -2.92408e-16 -0.136719 0.20891 0.0564292 -1.29692 -37.8955 3.66064 -0.136719 -0.20891 41.9607 2.25353e-15
############################################################
# Current time step                      : 5000000
# Total number of GFC measurements       : 200000
# Average temperature of the measurement : 0.0100003
# Boltzmann constant under current units : 1
# Basis of the surface unit cell         : 0 0 1.11321 -5.95828e-06 
############################################################
# ix	 iy 	 qx 	 qy			 Phi(q)
0 0 0 0 141.302 0 -0.0280631 0 -141.14 0 -0.0558154 0 -0.0280631 0 40.3327 0 -0.0248633 0 -40.198 0 -141.14 0 -0.0248633 0 141.328 0 -0.0264982 0 -0.0558154 0 -40.198 0 -0.0264982 0 40.3031 0
1 0 0.19635 0 143.418 2.95625e-14 -0.0653751 -0.0837848 -138.302 13.5655 -0.185248 -1.21645 -0.0653751 0.0837848 42.0954 4.5452e-15 0.105767 1.29479 -37.9618 3.8015 -138.302 -13.5655 0.105767 -1.29479 143.396 2.96093e-14 0.0234235 -0.154329 -0.185248 1.21645 -37.9618 -3.8015 0.0234235 0.154329 42.1202 4.80359e-15
2 0 0.392699 0 144.604 5.45685e-14 0.0706784 -0.38398 -132.661 26.3924 -0.417041 -2.22309 0.0706784 0.38398 43.8865 -2.27281e-15 0.360615 2.1973 -35.1363 6.98395 -132.661 -26.3924 0.360615 -2.1973 144.642 5.66251e-14 0.206229 -0.318779 -0.417041 2.22309 -35.1363 -6.98395 0.206229 0.318779 44.0143 -2.60904e-15
3 0 0.589049 0 146.672 2.91305e-14 0.0884775 -0.47669 -125.765 38.0748 -1.01016 -3.13488 0.0884775 0.47669 45.5469 5.83206e-17 0.766588 3.30561 -32.2859 9.81629 -125.765 -38.0748 0.766588 -3.30561 146.377 1.82251e-14 0.183191 -0.506521 -1.01016 3.13488 -32.2859 -9.81629 0.183191 0.506521 45.4872 3.99712e-17
4 0 0.785398 0 147.433 -1.79876e-15 -0.000464713 -0.571537 -116.339 48.2793 -1.70206 -4.26986 -0.000464713 0.571537 47.1957 -2.95765e-15 1.80903 4.32524 -28.6593 11.9855 -116.339 -48.2793 1.80903 -4.32524 147.562 -4.51135e-15 -0.0463722 -0.294884 -1.70206 4.26986 -28.6593 -11.9855 -0.0463722 0.294884 47.0524 -1.2169e-15
5 0 0.981748 0 147.976 4.34711e-16 -0.13547 -0.423399 -105.313 56.1946 -2.72275 -5.04293 -0.13547 0.423399 48.8631 -7.10599e-17 2.71604 4.70673 -25.6053 13.7959 -105.313 -56.1946 2.71604 -4.70673 147.919 5.6445e-17 -0.226766 -0.617369 -2.72275 5.04293 -25.6053 -13.7959 -0.226766 0.617369 49.0448 1.33237e-17
6 0 1.1781 0 148.544 4.67263e-16 0.0854709 -0.701529 -92.9877 62.0906 -3.75802 -5.42428 0.0854709 0.701529 50.144 6.37041e-17 3.66371 5.70235 -22.0374 14.7204 -92.9877 -62.0906 3.66371 -5.70235 148.461 -5.57428e-17 0.113238 -0.170101 -3.75802 5.42428 -22.0374 -14.7204 0.113238 0.170101 50.3451 9.71522e-18
7 0 1.37445 0 148.671 7.84702e-18 -0.257206 -0.778134 -79.8619 65.4719 -4.61414 -6.00523 -0.257206 0.778134 51.1093 4.44125e-18 4.61568 5.63166 -18.5509 15.1839 -79.8619 -65.4719 4.61568 -5.63166 148.796 2.9303e-17 0.179508 -0.7095 -4.61414 6.00523 -18.5509 -15.1839 0.179508 0.7095 51.1521 4.9964e-18
8 0 1.5708 0 149.689 4.89322e-16 0.022037 -0.841869 -66.9426 66.4704 -5.82801 -5.91361 0.022037 0.841869 52.4534 4.2917e-16 5.83402 5.76126 -15.2229 15.276 -66.9426 -66.4704 5.83402 -5.76126 148.955 4.3771e-15 0.029482 -0.622074 -5.82801 5.91361 -15.2229 -15.276 0.029482 0.622074 52.4805 3.553e-17
9 0 1.76715 0 149.171 3.43976e-18 -0.141931 -0.498443 -53.2131 64.9914 -6.89825 -5.48232 -0.141931 0.498443 53.2115 -6.56194e-16 6.99944 5.57216 -12.1586 14.6077 -53.2131 -64.9914 6.99944 -5.57216 149.445 -9.23724e-19 0.0393573 -0.731762 -6.89825 5.48232 -12.1586 -14.6077 0.0393573 0.731762 53.5403 -7.13028e-17
10 0 1.9635 0 150.149 2.14357e-18 0.0825957 -0.464624 -41.412 61.2696 -7.73888 -5.61677 0.0825957 0.464624 54.7295 7.10599e-17 8.00683 5.29444 -9.24327 13.3948 -41.412 -61.2696 8.00683 -5.29444 150.572 3.83336e-15 -0.0864995 -0.558112 -7.73888 5.61677 -9.24327 -13.3948 -0.0864995 0.558112 54.2921 6.93945e-20
11 0 2.15984 0 150.375 -2.24967e-15 0.0371528 -0.630098 -29.3573 55.1897 -9.18217 -4.67569 0.0371528 0.630098 55.1845 -2.75537e-16 8.95689 4.9501 -6.59623 11.9698 -29.3573 -55.1897 8.95689 -4.9501 150.831 0 0.310885 -0.782138 -9.18217 4.67569 -6.59623 -11.9698 0.310885 0.782138 54.9492 6.99496e-17
12 0 2.35619 0 150.545 -8.39887e-16 0.0741137 -0.448093 -19.3948 46.8213 -9.90305 -3.95892 0.0741137 0.448093 55.6551 3.8167e-19 9.73875 4.24754 -4.13445 9.99597 -19.3948 -46.8213 9.73875 -4.24754 149.723 1.1252e-15 0.188732 -0.317664 -9.90305 3.95892 -4.13445 -9.99597 0.188732 0.317664 55.797 -4.9964e-18
13 0 2.55254 0 150.571 -5.68424e-16 0.285447 -0.305509 -11.228 36.7003 -10.5102 -3.05831 0.285447 0.305509 55.9887 -6.93945e-17 10.5599 3.66249 -2.22539 7.74462 -11.228 -36.7003 10.5599 -3.66249 150.907 -3.76754e-18 -0.280192 -0.0902256 -10.5102 3.05831 -2.22539 -7.74462 -0.280192 0.0902256 56.2765 6.5002e-17
14 0 2.74889 0 150.375 -5.64415e-17 0.188479 -0.113834 -4.84756 25.1267 -11.2098 -2.1735 0.188479 0.113834 56.3563 -1.74874e-17 11.0353 2.50463 -1.23425 5.38487 -4.84756 -25.1267 11.0353 -2.50463 150.443 1.19821e-16 -0.12069 -0.332991 -11.2098 2.1735 -1.23425 -5.38487 -0.12069 0.332991 56.9649 -2.08183e-19
15 0 2.94524 0 149.938 0 0.482834 -0.223449 -1.30544 13.0773 -11.5276 -1.3324 0.482834 0.223449 56.7413 -1.11031e-18 11.6971 0.669125 -0.249637 2.89804 -1.30544 -13.0773 11.6971 -0.669125 150.907 2.98165e-17 -0.00624633 -0.0914234 -11.5276 1.3324 -0.249637 -2.89804 -0.00624633 0.0914234 56.7566 1.77395e-17
16 0 3.14159 0 150.701 0 -0.146072 0 -0.0129854 0 -11.9747 0 -0.146072 0 57.0929 0 11.7267 0 0.0422118 0 -0.0129854 0 11.7267 0 151.575 0 -0.400224 0 -11.9747 0 0.0422118 0 -0.400224 0 57.2642 0
17 0 -2.94524 0 149.938 0 0.482834 0.223449 -1.30544 -13.0773 -11.5276 1.3324 0.482834 -0.223449 56.7413 1.11031e-18 11.6971 -0.669125 -0.249637 -2.89804 -1.30544 13.0773 11.6971 0.669125 150.907 -2.98165e-17 -0.00624633 0.0914234 -11.5276 -1.3324 -0.249637 2.89804 -0.00624633 -0.0914234 56.7566 -1.77395e-17
18 0 -2.74889 0 150.375 5.64415e-17 0.188479 0.113834 -4.84756 -25.1267 -11.2098 2.1735 0.188479 -0.113834 56.3563 1.74874e-17 11.0353 -2.50463 -1.23425 -5.38487 -4.84756 25.1267 11.0353 2.50463 150.443 -1.19821e-16 -0.12069 0.332991 -11.2098 -2.1735 -1.23425 5.38487 -0.12069 -0.332991 56.9649 2.08183e-19
19 0 -2.55254 0 150.571 5.68424e-16 0.285447 0.305509 -11.228 -36.7003 -10.5102 3.05831 0.285447 -0.305509 55.9887 6.93945e-17 10.5599 -3.66249 -2.22539 -7.74462 -11.228 36.7003 10.5599 3.66249 150.907 3.76754e-18 -0.280192 0.0902256 -10.5102 -3.05831 -2.22539 7.74462 -0.280192 -0.0902256 56.2765 -6.5002e-17
20 0 -2.35619 0 150.545 8.39887e-16 0.0741137 0.448093 -19.3948 -46.8213 -9.90305 3.95892 0.0741137 -0.448093 55.6551 -3.8167e-19 9.73875 -4.24754 -4.13445 -9.99597 -19.3948 46.8213 9.73875 4.24754 149.723 -1.1252e-15 0.188732 0.317664 -9.90305 -3.95892 -4.13445 9.99597 0.188732 -0.317664 55.797 4.9964e-18
21 0 -2.15984 0 150.375 2.24967e-15 0.0371528 0.630098 -29.3573 -55.1897 -9.18217 4.67569 0.0371528 -0.630098 55.1845 2.75537e-16 8.95689 -4.9501 -6.59623 -11.9698 -29.3573 55.1897 8.95689 4.9501 150.831 0 0.310885 0.782138 -9.18217 -4.67569 -6.59623 11.9698 0.310885 -0.782138 54.9492 -6.99496e-17
22 0 -1.9635 0 150.149 -2.14357e-18 0.0825957 0.464624 -41.412 -61.2696 -7.73888 5.61677 0.0825957 -0.464624 54.7295 -7.10599e-17 8.00683 -5.29444 -9.24327 -13.3948 -41.412 61.2696 8.00683 5.29444 150.572 -3.83336e-15 -0.0864995 0.558112 -7.73888 -5.61677 -9.24327 13.3948 -0.0864995 -0.558112 54.2921 -6.93945e-20
23 0 -1.76715 0 149.171 -3.43976e-18 -0.141931 0.498443 -53.2131 -64.9914 -6.89825 5.48232 -0.141931 -0.498443 53.2115 6.56194e-16 6.99944 -5.57216 -12.1586 -14.6077 -53.2131 64.9914 6.99944 5.57216 149.445 9.23724e-19 0.0393573 0.731762 -6.89825 -5.48232 -12.1586 14.6077 0.0393573 -0.731762 53.5403 7.13028e-17
24 0 -1.5708 0 149.689 -4.89322e-16 0.022037 0.841869 -66.9426 -66.4704 -5.82801 5.91361 0.022037 -0.841869 52.4534 -4.2917e-16 5.83402 -5.76126 -15.2229 -15.276 -66.9426 66.4704 5.83402 5.76126 148.955 -4.3771e-15 0.029482 0.622074 -5.82801 -5.91361 -15.2229 15.276 0.029482 -0.622074 52.4805 -3.553e-17
25 0 -1.37445 0 148.671 -7.84702e-18 -0.257206 0.778134 -79.8619 -65.4719 -4.61414 6.00523 -0.257206 -0.778134 51.1093 -4.44125e-18 4.61568 -5.63166 -18.5509 -15.1839 -79.8619 65.4719 4.61568 5.63166 148.796 -2.9303e-17 0.179508 0.7095 -4.61414 -6.00523 -18.5509 15.1839 0.179508 -0.7095 51.1521 -4.9964e-18
26 0 -1.1781 0 148.544 -4.67263e-16 0.0854709 0.701529 -92.9877 -62.0906 -3.75802 5.42428 0.0854709 -0.701529 50.144 -6.37041e-17 3.66371 -5.70235 -22.0374 -14.7204 -92.9877 62.0906 3.66371 5.70235 148.461 5.57428e-17 0.113238 0.170101 -3.75802 -5.42428 -22.0374 14.7204 0.113238 -0.170101 50.3451 -9.71522e-18
27 0 -0.981748 0 147.976 -4.34711e-16 -0.13547 0.423399 -105.313 -56.1946 -2.72275 5.04293 -0.13547 -0.423399 48.8631 7.10599e-17 2.71604 -4.70673 -25.6053 -13.7959 -105.313 56.1946 2.71604 4.70673 147.919 -5.6445e-17 -0.226766 0.617369 -2.72275 -5.04293 -25.6053 13.7959 -0.226766 -0.617369 49.0448 -1.33237e-17
28 0 -0.785398 0 147.433 1.79876e-15 -0.000464713 0.571537 -116.339 -48.2793 -1.70206 4.26986 -0.000464713 -0.571537 47.1957 2.95765e-15 1.80903 -4.32524 -28.6593 -11.9855 -116.339 48.2793 1.80903 4.32524 147.562 4.51135e-15 -0.0463722 0.294884 -1.70206 -4.26986 -28.6593 11.9855 -0.0463722 -0.294884 47.0524 1.2169e-15
29 0 -0.589049 0 146.672 -2.91305e-14 0.0884775 0.47669 -125.765 -38.0748 -1.01016 3.13488 0.0884775 -0.47669 45.5469 -5.83206e-17 0.766588 -3.30561 -32.2859 -9.81629 -125.765 38.0748 0.766588 3.30561 146.377 -1.82251e-14 0.183191 0.506521 -1.01016 -3.13488 -32.2859 9.81629 0.183191 -0.506521 45.4872 -3.99712e-17
30 0 -0.392699 0 144.604 -5.45685e-14 0.0706784 0.38398 -132.661 -26.3924 -0.417041 2.22309 0.0706784 -0.38398 43.8865 2.27281e-15 0.360615 -2.1973 -35.1363 -6.98395 -132.661 26.3924 0.360615 2.1973 144.642 -5.66251e-14 0.206229 0.318779 -0.417041 -2.22309 -35.1363 6.98395 0.206229 -0.318779 44.0143 2.60904e-15
31 0 -0.19635 0 143.418 -2.95625e-14 -0.0653751 0.0837848 -138.302 -13.5655 -0.185248 1.21645 -0.0653751 -0.0837848 42.0954 -4.5452e-15 0.105767 -1.29479 -37.9618 -3.8015 -138.302 13.5655 0.105767 1.29479 143.396 -2.96093e-14 0.0234235 0.154329 -0.185248 -1.21645 -37.9618 3.8015 0.0234235 -0.154329 42.1202 -4.80359e-15
############################################################
# Current time step                      : 7000000
# Total number of GFC measurements       : 300000
# Average temperature of the measurement : 0.0100003
# Boltzmann constant under current units : 1
# Basis of the surface unit cell         : 0 0 1.11321 -5.50543e-06 
############################################################
# ix	 iy 	 qx 	 qy			 Phi(q)
0 0 0 0 142.096 0 0.0776864 0 -141.946 0 -0.180984 0 0.0776864 0 40.2136 0 -0.151987 0 -40.0493 0 -141.946 0 -0.151987 0 142.099 0 0.0887011 0 -0.180984 0 -40.0493 0 0.0887011 0 40.1961 0
1 0 0.19635 0 143.266 -1.69776e-18 0.0878921 -0.0299855 -138.113 13.5995 -0.217157 -1.20501 0.0878921 0.0299855 42.043 -2.27366e-15 0.0492913 1.25809 -37.844 3.78724 -138.113 -13.5995 0.0492913 -1.25809 143.219 -2.08173e-18 0.0599433 -0.0772066 -0.217157 1.20501 -37.844 -3.78724 0.0599433 0.0772066 42.0601 -2.39735e-15
2 0 0.392699 0 144.498 -2.27586e-14 0.0213638 -0.401117 -132.493 26.4068 -0.457617 -2.26053 0.0213638 0.401117 43.7588 2.25051e-15 0.389034 2.22093 -35.0277 6.93505 -132.493 -26.4068 0.389034 -2.22093 144.467 -2.82163e-14 0.0975367 -0.327092 -0.457617 2.26053 -35.0277 -6.93505 0.0975367 0.327092 43.8875 2.54907e-15
3 0 0.589049 0 146.364 3.08147e-14 0.0133439 -0.519174 -125.495 38.0311 -0.905212 -3.18289 0.0133439 0.519174 45.7019 2.8209e-15 0.884425 3.25597 -32.2916 9.85888 -125.495 -38.0311 0.884425 -3.25597 146.191 2.73077e-14 0.0923066 -0.501973 -0.905212 3.18289 -32.2916 -9.85888 0.0923066 0.501973 45.5012 1.20131e-15
4 0 0.785398 0 147.352 -3.20187e-17 -0.014775 -0.684008 -116.252 48.1971 -1.61604 -4.17953 -0.014775 0.684008 47.177 3.05291e-15 1.78459 4.19596 -28.7228 12.0356 -116.252 -48.1971 1.78459 -4.19596 147.541 3.55282e-17 -0.0987368 -0.419564 -1.61604 4.17953 -28.7228 -12.0356 -0.0987368 0.419564 47.0534 1.18133e-15
5 0 0.981748 0 147.885 -9.15506e-15 -0.141483 -0.42403 -105.285 56.278 -2.6915 -4.95603 -0.141483 0.42403 48.8957 1.1719e-15 2.77512 4.82205 -25.6187 13.7347 -105.285 -56.278 2.77512 -4.82205 147.968 -1.54154e-14 -0.128005 -0.591039 -2.6915 4.95603 -25.6187 -13.7347 -0.128005 0.591039 49.0026 1.5421e-15
6 0 1.1781 0 148.726 1.45198e-14 0.0102461 -0.655819 -93.0712 62.2567 -3.61135 -5.49342 0.0102461 0.655819 50.0957 6.89318e-17 3.65928 5.64009 -22.0551 14.6405 -93.0712 -62.2567 3.65928 -5.64009 148.454 9.09251e-15 0.0912709 -0.272768 -3.61135 5.49342 -22.0551 -14.6405 0.0912709 0.272768 50.2257 -8.88211e-17
7 0 1.37445 0 148.918 -5.09454e-17 -0.208741 -0.743794 -79.9956 65.7107 -4.59774 -5.97426 -0.208741 0.743794 51.456 1.64627e-15 4.67896 5.7456 -18.714 15.3279 -79.9956 -65.7107 4.67896 -5.7456 148.929 -2.93539e-17 0.153517 -0.715816 -4.59774 5.97426 -18.714 -15.3279 0.153517 0.715816 51.277 -2.49809e-18
8 0 1.5708 0 149.308 7.55107e-15 -0.00226249 -0.650243 -66.8566 66.5465 -5.75977 -5.88606 -0.00226249 0.650243 52.3661 6.66896e-17 5.66298 5.79958 -15.1713 15.239 -66.8566 -66.5465 5.66298 -5.79958 149.149 -4.63252e-15 0.0129926 -0.783828 -5.75977 5.88606 -15.1713 -15.239 0.0129926 0.783828 52.4028 -1.55437e-17
9 0 1.76715 0 149.389 -4.66511e-15 -0.162231 -0.403975 -53.113 65.1417 -7.1215 -5.54538 -0.162231 0.403975 53.1731 1.94296e-17 7.21718 5.71068 -12.1459 14.5507 -53.113 -65.1417 7.21718 -5.71068 149.703 3.41459e-15 0.0312116 -0.516103 -7.1215 5.54538 -12.1459 -14.5507 0.0312116 0.516103 53.6312 -5.41404e-16
10 0 1.9635 0 150.102 -2.57555e-17 -0.0762059 -0.366448 -41.1747 61.265 -7.80055 -5.48982 -0.0762059 0.366448 54.607 -8.43801e-17 8.18113 5.4586 -9.24344 13.4422 -41.1747 -61.265 8.18113 -5.4586 150.525 0 0.00494604 -0.420673 -7.80055 5.48982 -9.24344 -13.4422 0.00494604 0.420673 54.2213 7.0363e-17
11 0 2.15984 0 150.536 1.64504e-16 0.0963743 -0.529844 -29.0034 55.3219 -9.02712 -4.6924 0.0963743 0.529844 55.1833 -3.53203e-17 9.07143 5.05434 -6.43874 12.0272 -29.0034 -55.3219 9.07143 -5.05434 150.724 -1.68368e-15 0.215135 -0.686724 -9.02712 4.6924 -6.43874 -12.0272 0.215135 0.686724 54.9556 1.11026e-18
12 0 2.35619 0 150.397 -1.91587e-15 0.0751483 -0.501192 -19.3578 46.9684 -9.83814 -3.91815 0.0751483 0.501192 55.85 -3.40018e-17 9.79931 4.07517 -4.0737 10.1165 -19.3578 -46.9684 9.79931 -4.07517 149.901 -1.14565e-15 -0.0691314 -0.155249 -9.83814 3.91815 -4.0737 -10.1165 -0.0691314 0.155249 55.9727 8.9264e-17
13 0 2.55254 0 150.51 0 0.135767 -0.467125 -11.0332 36.4312 -10.5684 -3.08089 0.135767 0.467125 56.0729 6.96691e-17 10.4997 3.35724 -2.26475 7.8167 -11.0332 -36.4312 10.4997 -3.35724 150.607 -5.94749e-16 -0.166263 -0.127571 -10.5684 3.08089 -2.26475 -7.8167 -0.166263 0.127571 56.251 -1.73479e-20
14 0 2.74889 0 150.496 -5.51153e-20 0.0787717 -0.150422 -4.99388 25.467 -11.176 -2.22928 0.0787717 0.150422 56.5342 3.60142e-17 11.0929 2.44513 -1.30521 5.53344 -4.99388 -25.467 11.0929 -2.44513 150.523 2.34263e-19 0.0375836 -0.426988 -11.176 2.22928 -1.30521 -5.53344 0.0375836 0.426988 56.7931 3.52856e-17
15 0 2.94524 0 150.626 3.14319e-17 0.312591 -0.112815 -1.24503 12.9253 -11.6539 -1.26202 0.312591 0.112815 56.6052 8.88211e-18 11.5875 0.827786 -0.223712 2.92598 -1.24503 -12.9253 11.5875 -0.827786 150.899 0 0.118335 -0.147411 -11.6539 1.26202 -0.223712 -2.92598 0.118335 0.147411 56.7505 8.67394e-20
16 0 3.14159 0 150.816 0 -0.278564 0 -0.160052 0 -11.77 0 -0.278564 0 57.1093 0 11.8729 0 0.0194407 0 -0.160052 0 11.8729 0 151.764 0 -0.369781 0 -11.77 0 0.0194407 0 -0.369781 0 57.0561 0
17 0 -2.94524 0 150.626 -3.14319e-17 0.312591 0.112815 -1.24503 -12.9253 -11.6539 1.26202 0.312591 -0.112815 56.6052 -8.88211e-18 11.5875 -0.827786 -0.223712 -2.92598 -1.24503 12.9253 11.5875 0.827786 150.899 0 0.118335 0.147411 -11.6539 -1.26202 -0.223712 2.92598 0.118335 -0.147411 56.7505 -8.67394e-20
18 0 -2.74889 0 150.496 5.51153e-20 0.0787717 0.150422 -4.99388 -25.467 -11.176 2.22928 0.0787717 -0.150422 56.5342 -3.60142e-17 11.0929 -2.44513 -1.30521 -5.53344 -4.99388 25.467 11.0929 2.44513 150.523 -2.34263e-19 0.0375836 0.426988 -11.176 -2.22928 -1.30521 5.53344 0.0375836 -0.426988 56.7931 -3.52856e-17
19 0 -2.55254 0 150.51 0 0.135767 0.467125 -11.0332 -36.4312 -10.5684 3.08089 0.135767 -0.467125 56.0729 -6.96691e-17 10.4997 -3.35724 -2.26475 -7.8167 -11.0332 36.4312 10.4997 3.35724 150.607 5.94749e-16 -0.166263 0.127571 -10.5684 -3.08089 -2.26475 7.8167 -0.166263 -0.127571 56.251 1.73479e-20
20 0 -2.35619 0 150.397 1.91587e-15 0.0751483 0.501192 -19.3578 -46.9684 -9.83814 3.91815 0.0751483 -0.501192 55.85 3.40018e-17 9.79931 -4.07517 -4.0737 -10.1165 -19.3578 46.9684 9.79931 4.07517 149.901 1.14565e-15 -0.0691314 0.155249 -9.83814 -3.91815 -4.0737 10.1165 -0.0691314 -0.155249 55.9727 -8.9264e-17
21 0 -2.15984 0 150.536 -1.64504e-16 0.0963743 0.529844 -29.0034 -55.3219 -9.02712 4.6924 0.0963743 -0.529844 55.1833 3.53203e-17 9.07143 -5.05434 -6.43874 -12.0272 -29.0034 55.3219 9.07143 5.05434 150.724 1.68368e-15 0.215135 0.686724 -9.02712 -4.6924 -6.43874 12.0272 0.215135 -0.686724 54.9556 -1.11026e-18
22 0 -1.9635 0 150.102 2.57555e-17 -0.0762059 0.366448 -41.1747 -61.265 -7.80055 5.48982 -0.0762059 -0.366448 54.607 8.43801e-17 8.18113 -5.4586 -9.24344 -13.4422 -41.1747 61.265 8.18113 5.4586 150.525 0 0.00494604 0.420673 -7.80055 -5.48982 -9.24344 13.4422 0.00494604 -0.420673 54.2213 -7.0363e-17
23 0 -1.76715 0 149.389 4.66511e-15 -0.162231 0.403975 -53.113 -65.1417 -7.1215 5.54538 -0.162231 -0.403975 53.1731 -1.94296e-17 7.21718 -5.71068 -12.1459 -14.5507 -53.113 65.1417 7.21718 5.71068 149.703 -3.41459e-15 0.0312116 0.516103 -7.1215 -5.54538 -12.1459 14.5507 0.0312116 -0.516103 53.6312 5.41404e-16
24 0 -1.5708 0 149.308 -7.55107e-15 -0.00226249 0.650243 -66.8566 -66.5465 -5.75977 5.88606 -0.00226249 -0.650243 52.3661 -6.66896e-17 5.66298 -5.79958 -15.1713 -15.239 -66.8566 66.5465 5.66298 5.79958 149.149 4.63252e-15 0.0129926 0.783828 -5.75977 -5.88606 -15.1713 15.239 0.0129926 -0.783828 52.4028 1.55437e-17
25 0 -1.37445 0 148.918 5.09454e-17 -0.208741 0.743794 -79.9956 -65.7107 -4.59774 5.97426 -0.208741 -0.743794 51.456 -1.64627e-15 4.67896 -5.7456 -18.714 -15.3279 -79.9956 65.7107 4.67896 5.7456 148.929 2.93539e-17 0.153517 0.715816 -4.59774 -5.97426 -18.714 15.3279 0.153517 -0.715816 51.277 2.49809e-18
26 0 -1.1781 0 148.726 -1.45198e-14 0.0102461 0.655819 -93.0712 -62.2567 -3.61135 5.49342 0.0102461 -0.655819 50.0957 -6.89318e-17 3.65928 -5.64009 -22.0551 -14.6405 -93.0712 62.2567 3.65928 5.64009 148.454 -9.09251e-15 0.0912709 0.272768 -3.61135 -5.49342 -22.0551 14.6405 0.0912709 -0.272768 50.2257 8.88211e-17
27 0 -0.981748 0 147.885 9.15506e-15 -0.141483 0.42403 -105.285 -56.278 -2.6915 4.95603 -0.141483 -0.42403 48.8957 -1.1719e-15 2.77512 -4.82205 -25.6187 -13.7347 -105.285 56.278 2.77512 4.82205 147.968 1.54154e-14 -0.128005 0.591039 -2.6915 -4.95603 -25.6187 13.7347 -0.128005 -0.591039 49.0026 -1.5421e-15
28 0 -0.785398 0 147.352 3.20187e-17 -0.014775 0.684008 -116.252 -48.1971 -1.61604 4.17953 -0.014775 -0.684008 47.177 -3.05291e-15 1.78459 -4.19596 -28.7228 -12.0356 -116.252 48.1971 1.78459 4.19596 147.541 -3.55282e-17 -0.0987368 0.419564 -1.61604 -4.17953 -28.7228 12.0356 -0.0987368 -0.419564 47.0534 -1.18133e-15
29 0 -0.589049 0 146.364 -3.08147e-14 0.0133439 0.519174 -125.495 -38.0311 -0.905212 3.18289 0.0133439 -0.519174 45.7019 -2.8209e-15 0.884425 -3.25597 -32.2916 -9.85888 -125.495 38.0311 0.884425 3.25597 146.191 -2.73077e-14 0.0923066 0.501973 -0.905212 -3.18289 -32.2916 9.85888 0.0923066 -0.501973 45.5012 -1.20131e-15
30 0 -0.392699 0 144.498 2.27586e-14 0.0213638 0.401117 -132.493 -26.4068 -0.457617 2.26053 0.0213638 -0.401117 43.7588 -2.25051e-15 0.389034 -2.22093 -35.0277 -6.93505 -132.493 26.4068 0.389034 2.22093 144.467 2.82163e-14 0.0975367 0.327092 -0.457617 -2.26053 -35.0277 6.93505 0.0975367 -0.327092 43.8875 -2.54907e-15
31 0 -0.19635 0 143.266 1.69776e-18 0.0878921 0.0299855 -138.113 -13.5995 -0.217157 1.20501 0.0878921 -0.0299855 42.043 2.27366e-15 0.0492913 -1.25809 -37.844 -3.78724 -138.113 13.5995 0.0492913 1.25809 143.219 2.08173e-18 0.0599433 0.0772066 -0.217157 -1.20501 -37.844 3.78724 0.0599433 -0.0772066 42.0601 2.39735e-15
############################################################
# Current time step                      : 9000000
# Total number of GFC measurements       : 400000
# Average temperature of the measurement : 0.0100005
# Boltzmann constant under current units : 1
# Basis of the surface unit cell         : 0 0 1.11321 -5.29917e-07 
############################################################
# ix	 iy 	 qx 	 qy			 Phi(q)
0 0 0 0 141.837 0 0.117297 0 -141.758 0 -0.178722 0 0.117297 0 40.1996 0 -0.15138 0 -40.0376 0 -141.758 0 -0.15138 0 141.844 0 0.121964 0 -0.178722 0 -40.0376 0 0.121964 0 40.1861 0
1 0 0.19635 0 143.263 2.73061e-14 0.0864371 -0.10259 -138.226 13.5961 -0.244934 -1.11646 0.0864371 0.10259 42.0362 2.37605e-15 0.000227243 1.17701 -37.8226 3.74722 -138.226 -13.5961 0.000227243 -1.17701 143.302 2.78814e-14 0.103623 -0.133621 -0.244934 1.11646 -37.8226 -3.74722 0.103623 0.133621 41.9654 2.3082e-15
2 0 0.392699 0 144.462 4.54047e-15 0.0384185 -0.290919 -132.487 26.4066 -0.497784 -2.30625 0.0384185 0.290919 43.7575 -3.10881e-17 0.405369 2.29775 -35.0139 6.93022 -132.487 -26.4066 0.405369 -2.29775 144.464 7.33659e-18 0.088999 -0.200465 -0.497784 2.30625 -35.0139 -6.93022 0.088999 0.200465 43.7791 -3.83448e-17
3 0 0.589049 0 146.245 -1.79339e-15 0.0100635 -0.488158 -125.474 38.0059 -0.945 -3.23493 0.0100635 0.488158 45.721 2.7777e-17 0.982446 3.29144 -32.3045 9.79657 -125.474 -38.0059 0.982446 -3.29144 146.182 1.56408e-17 0.0145937 -0.463182 -0.945 3.23493 -32.3045 -9.79657 0.0145937 0.463182 45.5828 -1.14138e-15
4 0 0.785398 0 147.154 4.5479e-15 -0.066181 -0.579866 -116.13 48.1577 -1.63972 -4.1653 -0.066181 0.579866 47.0326 2.28262e-15 1.82822 4.22866 -28.6944 12.0009 -116.13 -48.1577 1.82822 -4.22866 147.336 -8.75338e-18 -0.0902637 -0.344395 -1.63972 4.1653 -28.6944 -12.0009 -0.0902637 0.344395 47.0483 2.99685e-15
5 0 0.981748 0 148.038 1.53139e-14 -0.0866726 -0.442931 -105.363 56.2482 -2.68882 -4.9701 -0.0866726 0.442931 48.8713 -3.96581e-17 2.81809 4.82986 -25.5285 13.706 -105.363 -56.2482 2.81809 -4.82986 147.944 1.36693e-14 -0.0818331 -0.536568 -2.68882 4.9701 -25.5285 -13.706 -0.0818331 0.536568 49.0233 -1.58766e-15
6 0 1.1781 0 149.093 4.70696e-16 0.0391386 -0.667037 -93.2371 62.285 -3.6718 -5.49044 0.0391386 0.667037 50.1373 5.69023e-18 3.59645 5.69847 -21.9869 14.6684 -93.2371 -62.285 3.59645 -5.69847 148.648 4.54491e-15 0.125247 -0.308472 -3.6718 5.49044 -21.9869 -14.6684 0.125247 0.308472 50.2248 1.55441e-17
7 0 1.37445 0 148.883 1.47412e-14 -0.124491 -0.627507 -79.9664 65.6215 -4.71331 -5.93912 -0.124491 0.627507 51.5197 6.16211e-17 4.71236 5.75983 -18.7576 15.3998 -79.9664 -65.6215 4.71236 -5.75983 148.881 1.36429e-14 0.130815 -0.666403 -4.71331 5.93912 -18.7576 -15.3998 0.130815 0.666403 51.324 3.55293e-17
8 0 1.5708 0 149.437 7.56406e-15 0.0303064 -0.630724 -66.8413 66.6541 -5.76785 -5.79442 0.0303064 0.630724 52.3953 -6.39197e-16 5.66731 5.82482 -15.2358 15.1762 -66.8413 -66.6541 5.66731 -5.82482 149.404 -1.33334e-18 0.070839 -0.834586 -5.76785 5.79442 -15.2358 -15.1762 0.070839 0.834586 52.4392 0
9 0 1.76715 0 149.652 0 -0.177035 -0.501121 -53.2271 65.1334 -7.16797 -5.62469 -0.177035 0.501121 53.2265 -4.43005e-16 7.19002 5.73888 -12.0619 14.522 -53.2271 -65.1334 7.19002 -5.73888 149.743 3.81143e-15 0.0469017 -0.49689 -7.16797 5.62469 -12.0619 -14.522 0.0469017 0.49689 53.6833 4.73208e-16
10 0 1.9635 0 150.293 -2.57961e-17 -0.144394 -0.408054 -41.2225 61.3553 -7.78852 -5.53614 -0.144394 0.408054 54.5768 5.99556e-17 8.23527 5.49402 -9.15642 13.4935 -41.2225 -61.3553 8.23527 -5.49402 150.517 4.07581e-15 -0.0730268 -0.419309 -7.78852 5.53614 -9.15642 -13.4935 -0.0730268 0.419309 54.3221 -2.15153e-16
11 0 2.15984 0 150.89 0 0.150955 -0.610119 -29.0436 55.3493 -9.15866 -4.76859 0.150955 0.610119 55.236 7.11279e-17 9.03774 5.04098 -6.49387 11.9731 -29.0436 -55.3493 9.03774 -5.04098 150.421 0 0.0794816 -0.66821 -9.15866 4.76859 -6.49387 -11.9731 0.0794816 0.66821 54.9159 -7.10585e-17
12 0 2.35619 0 150.41 1.19761e-16 -0.0811482 -0.485741 -19.4074 46.9543 -9.90403 -3.91696 -0.0811482 0.485741 55.7097 3.41067e-17 9.82617 4.09832 -4.14808 10.1075 -19.4074 -46.9543 9.82617 -4.09832 150.027 -1.02212e-17 -0.112103 -0.129891 -9.90403 3.91696 -4.14808 -10.1075 -0.112103 0.129891 55.9684 -3.99704e-17
13 0 2.55254 0 150.525 8.21155e-19 0.121741 -0.414389 -10.964 36.4772 -10.6289 -3.07281 0.121741 0.414389 55.9701 -3.55293e-17 10.5304 3.35866 -2.30844 7.80585 -10.964 -36.4772 10.5304 -3.35866 150.85 1.88223e-18 -0.192498 -0.234473 -10.6289 3.07281 -2.30844 -7.80585 -0.192498 0.234473 56.225 3.53558e-17
14 0 2.74889 0 150.732 1.4682e-20 0.0432562 -0.213094 -5.14457 25.4625 -11.1564 -2.25107 0.0432562 0.213094 56.5399 1.30112e-19 11.0924 2.34338 -1.24188 5.53864 -5.14457 -25.4625 11.0924 -2.34338 150.567 0 -0.000673712 -0.339592 -11.1564 2.25107 -1.24188 -5.53864 -0.000673712 0.339592 56.8185 -3.55293e-17
15 0 2.94524 0 150.539 -1.77642e-17 0.313537 -0.0858854 -1.28971 13.0759 -11.65 -1.27853 0.313537 0.0858854 56.4982 0 11.5685 0.907833 -0.217206 2.79687 -1.28971 -13.0759 11.5685 -0.907833 151.011 -2.99442e-17 0.0589962 -0.165165 -11.65 1.27853 -0.217206 -2.79687 0.0589962 0.165165 56.8956 -5.20448e-20
16 0 3.14159 0 150.648 0 -0.155753 0 -0.195065 0 -11.7954 0 -0.155753 0 57.1669 0 11.9489 0 0.0346506 0 -0.195065 0 11.9489 0 151.731 0 -0.183655 0 -11.7954 0 0.0346506 0 -0.183655 0 56.9098 0
17 0 -2.94524 0 150.539 1.77642e-17 0.313537 0.0858854 -1.28971 -13.0759 -11.65 1.27853 0.313537 -0.0858854 56.4982 0 11.5685 -0.907833 -0.217206 -2.79687 -1.28971 13.0759 11.5685 0.907833 151.011 2.99442e-17 0.0589962 0.165165 -11.65 -1.27853 -0.217206 2.79687 0.0589962 -0.165165 56.8956 5.20448e-20
18 0 -2.74889 0 150.732 -1.4682e-20 0.0432562 0.213094 -5.14457 -25.4625 -11.1564 2.25107 0.0432562 -0.213094 56.5399 -1.30112e-19 11.0924 -2.34338 -1.24188 -5.53864 -5.14457 25.4625 11.0924 2.34338 150.567 0 -0.000673712 0.339592 -11.1564 -2.25107 -1.24188 5.53864 -0.000673712 -0.339592 56.8185 3.55293e-17
19 0 -2.55254 0 150.525 -8.21155e-19 0.121741 0.414389 -10.964 -36.4772 -10.6289 3.07281 0.121741 -0.414389 55.9701 3.55293e-17 10.5304 -3.35866 -2.30844 -7.80585 -10.964 36.4772 10.5304 3.35866 150.85 -1.88223e-18 -0.192498 0.234473 -10.6289 -3.07281 -2.30844 7.80585 -0.192498 -0.234473 56.225 -3.53558e-17
20 0 -2.35619 0 150.41 -1.19761e-16 -0.0811482 0.485741 -19.4074 -46.9543 -9.90403 3.91696 -0.0811482 -0.485741 55.7097 -3.41067e-17 9.82617 -4.09832 -4.14808 -10.1075 -19.4074 46.9543 9.82617 4.09832 150.027 1.02212e-17 -0.112103 0.129891 -9.90403 -3.91696 -4.14808 10.1075 -0.112103 -0.129891 55.9684 3.99704e-17
21 0 -2.15984 0 150.89 0 0.150955 0.610119 -29.0436 -55.3493 -9.15866 4.76859 0.150955 -0.610119 55.236 -7.11279e-17 9.03774 -5.04098 -6.49387 -11.9731 -29.0436 55.3493 9.03774 5.04098 150.421 0 0.0794816 0.66821 -9.15866 -4.76859 -6.49387 11.9731 0.0794816 -0.66821 54.9159 7.10585e-17
22 0 -1.9635 0 150.293 2.57961e-17 -0.144394 0.408054 -41.2225 -61.3553 -7.78852 5.53614 -0.144394 -0.408054 54.5768 -5.99556e-17 8.23527 -5.49402 -9.15642 -13.4935 -41.2225 61.3553 8.23527 5.49402 150.517 -4.07581e-15 -0.0730268 0.419309 -7.78852 -5.53614 -9.15642 13.4935 -0.0730268 -0.419309 54.3221 2.15153e-16
23 0 -1.76715 0 149.652 0 -0.177035 0.501121 -53.2271 -65.1334 -7.16797 5.62469 -0.177035 -0.501121 53.2265 4.43005e-16 7.19002 -5.73888 -12.0619 -14.522 -53.2271 65.1334 7.19002 5.73888 149.743 -3.81143e-15 0.0469017 0.49689 -7.16797 -5.62469 -12.0619 14.522 0.0469017 -0.49689 53.6833 -4.73208e-16
24 0 -1.5708 0 149.437 -7.56406e-15 0.0303064 0.630724 -66.8413 -66.6541 -5.76785 5.79442 0.0303064 -0.630724 52.3953 6.39197e-16 5.66731 -5.82482 -15.2358 -15.1762 -66.8413 66.6541 5.66731 5.82482 149.404 1.33334e-18 0.070839 0.834586 -5.76785 -5.79442 -15.2358 15.1762 0.070839 -0.834586 52.4392 0
25 0 -1.37445 0 148.883 -1.47412e-14 -0.124491 0.627507 -79.9664 -65.6215 -4.71331 5.93912 -0.124491 -0.627507 51.5197 -6.16211e-17 4.71236 -5.75983 -18.7576 -15.3998 -79.9664 65.6215 4.71236 5.75983 148.881 -1.36429e-14 0.130815 0.666403 -4.71331 -5.93912 -18.7576 15.3998 0.130815 -0.666403 51.324 -3.55293e-17
26 0 -1.1781 0 149.093 -4.70696e-16 0.0391386 0.667037 -93.2371 -62.285 -3.6718 5.49044 0.0391386 -0.667037 50.1373 -5.69023e-18 3.59645 -5.69847 -21.9869 -14.6684 -93.2371 62.285 3.59645 5.69847 148.648 -4.54491e-15 0.125247 0.308472 -3.6718 -5.49044 -21.9869 14.6684 0.125247 -0.308472 50.2248 -1.55441e-17
27 0 -0.981748 0 148.038 -1.53139e-14 -0.0866726 0.442931 -105.363 -56.2482 -2.68882 4.9701 -0.0866726 -0.442931 48.8713 3.96581e-17 2.81809 -4.82986 -25.5285 -13.706 -105.363 56.2482 2.81809 4.82986 147.944 -1.36693e-14 -0.0818331 0.536568 -2.68882 -4.9701 -25.5285 13.706 -0.0818331 -0.536568 49.0233 1.58766e-15
28 0 -0.785398 0 147.154 -4.5479e-15 -0.066181 0.579866 -116.13 -48.1577 -1.63972 4.1653 -0.066181 -0.579866 47.0326 -2.28262e-15 1.82822 -4.22866 -28.6944 -12.0009 -116.13 48.1577 1.82822 4.22866 147.336 8.75338e-18 -0.0902637 0.344395 -1.63972 -4.1653 -28.6944 12.0009 -0.0902637 -0.344395 47.0483 -2.99685e-15
29 0 -0.589049 0 146.245 1.79339e-15 0.0100635 0.488158 -125.474 -38.0059 -0.945 3.23493 0.0100635 -0.488158 45.721 -2.7777e-17 0.982446 -3.29144 -32.3045 -9.79657 -125.474 38.0059 0.982446 3.29144 146.182 -1.56408e-17 0.0145937 0.463182 -0.945 -3.23493 -32.3045 9.79657 0.0145937 -0.463182 45.5828 1.14138e-15
30 0 -0.392699 0 144.462 -4.54047e-15 0.0384185 0.290919 -132.487 -26.4066 -0.497784 2.30625 0.0384185 -0.290919 43.7575 3.10881e-17 0.405369 -2.29775 -35.0139 -6.93022 -132.487 26.4066 0.405369 2.29775 144.464 -7.33659e-18 0.088999 0.200465 -0.497784 -2.30625 -35.0139 6.93022 0.088999 -0.200465 43.7791 3.83448e-17
31 0 -0.19635 0 143.263 -2.73061e-14 0.0864371 0.10259 -138.226 -13.5961 -0.244934 1.11646 0.0864371 -0.10259 42.0362 -2.37605e-15 0.000227243 -1.17701 -37.8226 -3.74722 -138.226 13.5961 0.000227243 1.17701 143.302 -2.78814e-14 0.103623 0.133621 -0.244934 -1.11646 -37.8226 3.74722 0.103623 -0.133621 41.9654 -2.3082e-15
############################################################
# Current time step                      : 11000000
# Total number of GFC measurements       : 500000
# Average temperature of the measurement : 0.0100004
# Boltzmann constant under current units : 1
# Basis of the surface unit cell         : 0 0 1.11321 -6.92788e-07 
############################################################
# ix	 iy 	 qx 	 qy			 Phi(q)
0 0 0 0 141.697 0 0.110046 0 -141.647 0 -0.14567 0 0.110046 0 40.175 0 -0.12792 0 -40.0077 0 -141.647 0 -0.12792 0 141.709 0 0.115312 0 -0.14567 0 -40.0077 0 0.115312 0 40.1532 0
1 0 0.19635 0 143.349 -7.99398e-17 0.0879619 -0.11555 -138.312 13.613 -0.245665 -1.07433 0.0879619 0.11555 42.0347 2.37106e-15 -0.0326917 1.13566 -37.8013 3.73816 -138.312 -13.613 -0.0326917 -1.13566 143.334 2.27603e-15 0.107387 -0.131135 -0.245665 1.07433 -37.8013 -3.73816 0.107387 0.131135 41.9708 2.2694e-15
2 0 0.392699 0 144.609 2.48114e-14 -0.0269726 -0.286376 -132.636 26.4186 -0.45305 -2.31711 -0.0269726 0.286376 43.797 4.35436e-18 0.501905 2.2807 -35.0622 6.93567 -132.636 -26.4186 0.501905 -2.2807 144.624 1.81949e-14 0.0280797 -0.220167 -0.45305 2.31711 -35.0622 -6.93567 0.0280797 0.220167 43.7832 -2.4426e-17
3 0 0.589049 0 146.265 -2.90286e-14 0.041171 -0.517007 -125.451 38.0154 -0.993948 -3.24621 0.041171 0.517007 45.706 7.69093e-17 0.97107 3.34171 -32.2762 9.76287 -125.451 -38.0154 0.97107 -3.34171 146.181 -1.81372e-14 0.010341 -0.448606 -0.993948 3.24621 -32.2762 -9.76287 0.010341 0.448606 45.5905 1.20357e-15
4 0 0.785398 0 147.36 -4.51158e-15 -0.0558727 -0.574006 -116.281 48.1959 -1.67253 -4.16653 -0.0558727 0.574006 47.1324 2.38015e-15 1.84551 4.25282 -28.7664 11.9782 -116.281 -48.1959 1.84551 -4.25282 147.515 -2.77865e-17 -0.0630911 -0.37054 -1.67253 4.16653 -28.7664 -11.9782 -0.0630911 0.37054 47.1127 2.99909e-15
5 0 0.981748 0 148.231 -1.48885e-14 -0.0386202 -0.473154 -105.456 56.2808 -2.69993 -4.98673 -0.0386202 0.473154 48.8679 -6.51939e-17 2.84178 4.81542 -25.4943 13.6844 -105.456 -56.2808 2.84178 -4.81542 148.196 -4.77492e-15 -0.0724204 -0.479607 -2.69993 4.98673 -25.4943 -13.6844 -0.0724204 0.479607 48.9021 1.66541e-17
6 0 1.1781 0 149.065 1.50712e-14 -0.0479218 -0.671973 -93.2915 62.2958 -3.60569 -5.50082 -0.0479218 0.671973 50.0222 -1.20368e-15 3.56856 5.54178 -21.9535 14.647 -93.2915 -62.2958 3.56856 -5.54178 148.769 8.96099e-15 0.102207 -0.458406 -3.60569 5.50082 -21.9535 -14.647 0.102207 0.458406 50.1066 -1.58439e-15
7 0 1.37445 0 149.08 -1.49714e-14 -0.087312 -0.67743 -79.9786 65.7085 -4.70317 -5.87414 -0.087312 0.67743 51.518 1.8211e-15 4.63512 5.80321 -18.756 15.3653 -79.9786 -65.7085 4.63512 -5.80321 149.05 -9.22336e-15 0.0572247 -0.691092 -4.70317 5.87414 -18.756 -15.3653 0.0572247 0.691092 51.2963 3.33082e-18
8 0 1.5708 0 149.413 -4.53183e-17 -0.0205598 -0.6768 -66.9048 66.6749 -5.72506 -5.76927 -0.0205598 0.6768 52.3715 9.43733e-18 5.75396 5.79248 -15.2138 15.1545 -66.9048 -66.6749 5.75396 -5.79248 149.564 7.81567e-15 0.0201013 -0.847857 -5.72506 5.76927 -15.2138 -15.1545 0.0201013 0.847857 52.3703 -7.09535e-17
9 0 1.76715 0 149.597 0 -0.165381 -0.500544 -53.1736 65.1226 -7.12916 -5.68098 -0.165381 0.500544 53.2602 0 7.16428 5.81639 -12.0152 14.5188 -53.1736 -65.1226 7.16428 -5.81639 149.728 2.07688e-16 -0.0168796 -0.478302 -7.12916 5.68098 -12.0152 -14.5188 -0.0168796 0.478302 53.6873 7.53078e-17
10 0 1.9635 0 150.135 -2.5221e-15 -0.0762299 -0.514523 -41.162 61.3238 -7.76918 -5.54427 -0.0762299 0.514523 54.6247 1.18799e-16 8.26899 5.47366 -9.16454 13.4945 -41.162 -61.3238 8.26899 -5.47366 150.422 -3.59345e-15 -0.0970825 -0.504009 -7.76918 5.54427 -9.16454 -13.4945 -0.0970825 0.504009 54.376 7.20984e-17
11 0 2.15984 0 150.86 -2.0331e-16 0.0666551 -0.549069 -29.0801 55.2572 -9.237 -4.80359 0.0666551 0.549069 55.2364 7.27924e-17 9.09644 5.05452 -6.50404 12.0263 -29.0801 -55.2572 9.09644 -5.05452 150.32 0 0.135178 -0.532849 -9.237 4.80359 -6.50404 -12.0263 0.135178 0.532849 54.9471 4.4411e-17
12 0 2.35619 0 150.254 0 0.0231966 -0.478244 -19.4177 46.9265 -9.92698 -3.93589 0.0231966 0.478244 55.6814 -3.55288e-17 9.847 4.12378 -4.1583 10.0758 -19.4177 -46.9265 9.847 -4.12378 150.33 0 -0.106318 -0.233345 -9.92698 3.93589 -4.1583 -10.0758 -0.106318 0.233345 56.0039 0
13 0 2.55254 0 150.346 8.18868e-19 0.111218 -0.398854 -11.086 36.4698 -10.6861 -3.06977 0.111218 0.398854 56.0558 3.52512e-17 10.61 3.36128 -2.29136 7.818 -11.086 -36.4698 10.61 -3.36128 150.801 5.64309e-18 -0.193018 -0.226216 -10.6861 3.06977 -2.29136 -7.818 -0.193018 0.226216 56.3033 1.7348e-19
14 0 2.74889 0 150.672 5.96204e-17 -0.0182917 -0.215341 -5.21952 25.4714 -11.05 -2.26747 -0.0182917 0.215341 56.3859 1.78555e-17 11.166 2.30512 -1.20727 5.49438 -5.21952 -25.4714 11.166 -2.30512 150.429 -1.98198e-18 0.0336836 -0.338816 -11.05 2.26747 -1.20727 -5.49438 0.0336836 0.338816 56.7447 -1.96325e-17
15 0 2.94524 0 150.704 -1.59135e-17 0.268667 -0.200726 -1.33739 12.9751 -11.604 -1.17767 0.268667 0.200726 56.5425 8.32706e-18 11.5108 1.04244 -0.215947 2.7974 -1.33739 -12.9751 11.5108 -1.04244 151.183 1.51245e-17 -0.0102469 -0.245063 -11.604 1.17767 -0.215947 -2.7974 -0.0102469 0.245063 56.8424 -2.08941e-18
16 0 3.14159 0 150.495 0 -0.196679 0 -0.253135 0 -11.8022 0 -0.196679 0 57.1916 0 11.959 0 0.059602 0 -0.253135 0 11.959 0 151.834 0 -0.152418 0 -11.8022 0 0.059602 0 -0.152418 0 56.9735 0
17 0 -2.94524 0 150.704 1.59135e-17 0.268667 0.200726 -1.33739 -12.9751 -11.604 1.17767 0.268667 -0.200726 56.5425 -8.32706e-18 11.5108 -1.04244 -0.215947 -2.7974 -1.33739 12.9751 11.5108 1.04244 151.183 -1.51245e-17 -0.0102469 0.245063 -11.604 -1.17767 -0.215947 2.7974 -0.0102469 -0.245063 56.8424 2.08941e-18
18 0 -2.74889 0 150.672 -5.96204e-17 -0.0182917 0.215341 -5.21952 -25.4714 -11.05 2.26747 -0.0182917 -0.215341 56.3859 -1.78555e-17 11.166 -2.30512 -1.20727 -5.49438 -5.21952 25.4714 11.166 2.30512 150.429 1.98198e-18 0.0336836 0.338816 -11.05 -2.26747 -1.20727 5.49438 0.0336836 -0.338816 56.7447 1.96325e-17
19 0 -2.55254 0 150.346 -8.18868e-19 0.111218 0.398854 -11.086 -36.4698 -10.6861 3.06977 0.111218 -0.398854 56.0558 -3.52512e-17 10.61 -3.36128 -2.29136 -7.818 -11.086 36.4698 10.61 3.36128 150.801 -5.64309e-18 -0.193018 0.226216 -10.6861 -3.06977 -2.29136 7.818 -0.193018 -0.226216 56.3033 -1.7348e-19
20 0 -2.35619 0 150.254 0 0.0231966 0.478244 -19.4177 -46.9265 -9.92698 3.93589 0.0231966 -0.478244 55.6814 3.55288e-17 9.847 -4.12378 -4.1583 -10.0758 -19.4177 46.9265 9.847 4.12378 150.33 0 -0.106318 0.233345 -9.92698 -3.93589 -4.1583 10.0758 -0.106318 -0.233345 56.0039 0
21 0 -2.15984 0 150.86 2.0331e-16 0.0666551 0.549069 -29.0801 -55.2572 -9.237 4.80359 0.0666551 -0.549069 55.2364 -7.27924e-17 9.09644 -5.05452 -6.50404 -12.0263 -29.0801 55.2572 9.09644 5.05452 150.32 0 0.135178 0.532849 -9.237 -4.80359 -6.50404 12.0263 0.135178 -0.532849 54.9471 -4.4411e-17
22 0 -1.9635 0 150.135 2.5221e-15 -0.0762299 0.514523 -41.162 -61.3238 -7.76918 5.54427 -0.0762299 -0.514523 54.6247 -1.18799e-16 8.26899 -5.47366 -9.16454 -13.4945 -41.162 61.3238 8.26899 5.47366 150.422 3.59345e-15 -0.0970825 0.504009 -7.76918 -5.54427 -9.16454 13.4945 -0.0970825 -0.504009 54.376 -7.20984e-17
23 0 -1.76715 0 149.597 0 -0.165381 0.500544 -53.1736 -65.1226 -7.12916 5.68098 -0.165381 -0.500544 53.2602 0 7.16428 -5.81639 -12.0152 -14.5188 -53.1736 65.1226 7.16428 5.81639 149.728 -2.07688e-16 -0.0168796 0.478302 -7.12916 -5.68098 -12.0152 14.5188 -0.0168796 -0.478302 53.6873 -7.53078e-17
24 0 -1.5708 0 149.413 4.53183e-17 -0.0205598 0.6768 -66.9048 -66.6749 -5.72506 5.76927 -0.0205598 -0.6768 52.3715 -9.43733e-18 5.75396 -5.79248 -15.2138 -15.1545 -66.9048 66.6749 5.75396 5.79248 149.564 -7.81567e-15 0.0201013 0.847857 -5.72506 -5.76927 -15.2138 15.1545 0.0201013 -0.847857 52.3703 7.09535e-17
25 0 -1.37445 0 149.08 1.49714e-14 -0.087312 0.67743 -79.9786 -65.7085 -4.70317 5.87414 -0.087312 -0.67743 51.518 -1.8211e-15 4.63512 -5.80321 -18.756 -15.3653 -79.9786 65.7085 4.63512 5.80321 149.05 9.22336e-15 0.0572247 0.691092 -4.70317 -5.87414 -18.756 15.3653 0.0572247 -0.691092 51.2963 -3.33082e-18
26 0 -1.1781 0 149.065 -1.50712e-14 -0.0479218 0.671973 -93.2915 -62.2958 -3.60569 5.50082 -0.0479218 -0.671973 50.0222 1.20368e-15 3.56856 -5.54178 -21.9535 -14.647 -93.2915 62.2958 3.56856 5.54178 148.769 -8.96099e-15 0.102207 0.458406 -3.60569 -5.50082 -21.9535 14.647 0.102207 -0.458406 50.1066 1.58439e-15
27 0 -0.981748 0 148.231 1.48885e-14 -0.0386202 0.473154 -105.456 -56.2808 -2.69993 4.98673 -0.0386202 -0.473154 48.8679 6.51939e-17 2.84178 -4.81542 -25.4943 -13.6844 -105.456 56.2808 2.84178 4.81542 148.196 4.77492e-15 -0.0724204 0.479607 -2.69993 -4.98673 -25.4943 13.6844 -0.0724204 -0.479607 48.9021 -1.66541e-17
28 0 -0.785398 0 147.36 4.51158e-15 -0.0558727 0.574006 -116.281 -48.1959 -1.67253 4.16653 -0.0558727 -0.574006 47.1324 -2.38015e-15 1.84551 -4.25282 -28.7664 -11.9782 -116.281 48.1959 1.84551 4.25282 147.515 2.77865e-17 -0.0630911 0.37054 -1.67253 -4.16653 -28.7664 11.9782 -0.0630911 -0.37054 47.1127 -2.99909e-15
29 0 -0.589049 0 146.265 2.90286e-14 0.041171 0.517007 -125.451 -38.0154 -0.993948 3.24621 0.041171 -0.517007 45.706 -7.69093e-17 0.97107 -3.34171 -32.2762 -9.76287 -125.451 38.0154 0.97107 3.34171 146.181 1.81372e-14 0.010341 0.448606 -0.993948 -3.24621 -32.2762 9.76287 0.010341 -0.448606 45.5905 -1.20357e-15
30 0 -0.392699 0 144.609 -2.48114e-14 -0.0269726 0.286376 -132.636 -26.4186 -0.45305 2.31711 -0.0269726 -0.286376 43.797 -4.35436e-18 0.501905 -2.2807 -35.0622 -6.93567 -132.636 26.4186 0.501905 2.2807 144.624 -1.81949e-14 0.0280797 0.220167 -0.45305 -2.31711 -35.0622 6.93567 0.0280797 -0.220167 43.7832 2.4426e-17
31 0 -0.19635 0 143.349 7.99398e-17 0.0879619 0.11555 -138.312 -13.613 -0.245665 1.07433 0.0879619 -0.11555 42.0347 -2.37106e-15 -0.0326917 -1.13566 -37.8013 -3.73816 -138.312 13.613 -0.0326917 1.13566 143.334 -2.27603e-15 0.107387 0.131135 -0.245665 -1.07433 -37.8013 3.73816 0.107387 -0.131135 41.9708 -2.2694e-15
