GFMD initialization...
Number of processors used    : 1
Total number of GF atoms     : 1152
Extra load added to GF atoms : -0.01

Original positions of GF atoms determined from initial configuraiton!

Mapping info computed from initial configuration.
Total # of atoms in manifold : 1152
Surface vector along U       : [ 4.42745, 0 ]
Surface vector along V       : [ 0, 2.55619 ]
# of atoms per unit cell     : 2
Dimensions of the FFT mesh   : 18 x 32

Manifold to FFT mesh mapping information:
# nx ny nucell
 18 32 2
# ix iy iu atom_id
0 0 0 1
0 0 1 577
0 1 0 2
0 1 1 578
0 2 0 3
0 2 1 579
0 3 0 4
0 3 1 580
0 4 0 5
0 4 1 581
0 5 0 6
0 5 1 582
0 6 0 7
0 6 1 583
0 7 0 8
0 7 1 584
0 8 0 9
0 8 1 585
0 9 0 10
0 9 1 586
0 10 0 11
0 10 1 587
0 11 0 12
0 11 1 588
0 12 0 13
0 12 1 589
0 13 0 14
0 13 1 590
0 14 0 15
0 14 1 591
0 15 0 16
0 15 1 592
0 16 0 17
0 16 1 593
0 17 0 18
0 17 1 594
0 18 0 19
0 18 1 595
0 19 0 20
0 19 1 596
0 20 0 21
0 20 1 597
0 21 0 22
0 21 1 598
0 22 0 23
0 22 1 599
0 23 0 24
0 23 1 600
0 24 0 25
0 24 1 601
0 25 0 26
0 25 1 602
0 26 0 27
0 26 1 603
0 27 0 28
0 27 1 604
0 28 0 29
0 28 1 605
0 29 0 30
0 29 1 606
0 30 0 31
0 30 1 607
0 31 0 32
0 31 1 608
1 0 0 33
1 0 1 609
1 1 0 34
1 1 1 610
1 2 0 35
1 2 1 611
1 3 0 36
1 3 1 612
1 4 0 37
1 4 1 613
1 5 0 38
1 5 1 614
1 6 0 39
1 6 1 615
1 7 0 40
1 7 1 616
1 8 0 41
1 8 1 617
1 9 0 42
1 9 1 618
1 10 0 43
1 10 1 619
1 11 0 44
1 11 1 620
1 12 0 45
1 12 1 621
1 13 0 46
1 13 1 622
1 14 0 47
1 14 1 623
1 15 0 48
1 15 1 624
1 16 0 49
1 16 1 625
1 17 0 50
1 17 1 626
1 18 0 51
1 18 1 627
1 19 0 52
1 19 1 628
1 20 0 53
1 20 1 629
1 21 0 54
1 21 1 630
1 22 0 55
1 22 1 631
1 23 0 56
1 23 1 632
1 24 0 57
1 24 1 633
1 25 0 58
1 25 1 634
1 26 0 59
1 26 1 635
1 27 0 60
1 27 1 636
1 28 0 61
1 28 1 637
1 29 0 62
1 29 1 638
1 30 0 63
1 30 1 639
1 31 0 64
1 31 1 640
2 0 0 65
2 0 1 641
2 1 0 66
2 1 1 642
2 2 0 67
2 2 1 643
2 3 0 68
2 3 1 644
2 4 0 69
2 4 1 645
2 5 0 70
2 5 1 646
2 6 0 71
2 6 1 647
2 7 0 72
2 7 1 648
2 8 0 73
2 8 1 649
2 9 0 74
2 9 1 650
2 10 0 75
2 10 1 651
2 11 0 76
2 11 1 652
2 12 0 77
2 12 1 653
2 13 0 78
2 13 1 654
2 14 0 79
2 14 1 655
2 15 0 80
2 15 1 656
2 16 0 81
2 16 1 657
2 17 0 82
2 17 1 658
2 18 0 83
2 18 1 659
2 19 0 84
2 19 1 660
2 20 0 85
2 20 1 661
2 21 0 86
2 21 1 662
2 22 0 87
2 22 1 663
2 23 0 88
2 23 1 664
2 24 0 89
2 24 1 665
2 25 0 90
2 25 1 666
2 26 0 91
2 26 1 667
2 27 0 92
2 27 1 668
2 28 0 93
2 28 1 669
2 29 0 94
2 29 1 670
2 30 0 95
2 30 1 671
2 31 0 96
2 31 1 672
3 0 0 97
3 0 1 673
3 1 0 98
3 1 1 674
3 2 0 99
3 2 1 675
3 3 0 100
3 3 1 676
3 4 0 101
3 4 1 677
3 5 0 102
3 5 1 678
3 6 0 103
3 6 1 679
3 7 0 104
3 7 1 680
3 8 0 105
3 8 1 681
3 9 0 106
3 9 1 682
3 10 0 107
3 10 1 683
3 11 0 108
3 11 1 684
3 12 0 109
3 12 1 685
3 13 0 110
3 13 1 686
3 14 0 111
3 14 1 687
3 15 0 112
3 15 1 688
3 16 0 113
3 16 1 689
3 17 0 114
3 17 1 690
3 18 0 115
3 18 1 691
3 19 0 116
3 19 1 692
3 20 0 117
3 20 1 693
3 21 0 118
3 21 1 694
3 22 0 119
3 22 1 695
3 23 0 120
3 23 1 696
3 24 0 121
3 24 1 697
3 25 0 122
3 25 1 698
3 26 0 123
3 26 1 699
3 27 0 124
3 27 1 700
3 28 0 125
3 28 1 701
3 29 0 126
3 29 1 702
3 30 0 127
3 30 1 703
3 31 0 128
3 31 1 704
4 0 0 129
4 0 1 705
4 1 0 130
4 1 1 706
4 2 0 131
4 2 1 707
4 3 0 132
4 3 1 708
4 4 0 133
4 4 1 709
4 5 0 134
4 5 1 710
4 6 0 135
4 6 1 711
4 7 0 136
4 7 1 712
4 8 0 137
4 8 1 713
4 9 0 138
4 9 1 714
4 10 0 139
4 10 1 715
4 11 0 140
4 11 1 716
4 12 0 141
4 12 1 717
4 13 0 142
4 13 1 718
4 14 0 143
4 14 1 719
4 15 0 144
4 15 1 720
4 16 0 145
4 16 1 721
4 17 0 146
4 17 1 722
4 18 0 147
4 18 1 723
4 19 0 148
4 19 1 724
4 20 0 149
4 20 1 725
4 21 0 150
4 21 1 726
4 22 0 151
4 22 1 727
4 23 0 152
4 23 1 728
4 24 0 153
4 24 1 729
4 25 0 154
4 25 1 730
4 26 0 155
4 26 1 731
4 27 0 156
4 27 1 732
4 28 0 157
4 28 1 733
4 29 0 158
4 29 1 734
4 30 0 159
4 30 1 735
4 31 0 160
4 31 1 736
5 0 0 161
5 0 1 737
5 1 0 162
5 1 1 738
5 2 0 163
5 2 1 739
5 3 0 164
5 3 1 740
5 4 0 165
5 4 1 741
5 5 0 166
5 5 1 742
5 6 0 167
5 6 1 743
5 7 0 168
5 7 1 744
5 8 0 169
5 8 1 745
5 9 0 170
5 9 1 746
5 10 0 171
5 10 1 747
5 11 0 172
5 11 1 748
5 12 0 173
5 12 1 749
5 13 0 174
5 13 1 750
5 14 0 175
5 14 1 751
5 15 0 176
5 15 1 752
5 16 0 177
5 16 1 753
5 17 0 178
5 17 1 754
5 18 0 179
5 18 1 755
5 19 0 180
5 19 1 756
5 20 0 181
5 20 1 757
5 21 0 182
5 21 1 758
5 22 0 183
5 22 1 759
5 23 0 184
5 23 1 760
5 24 0 185
5 24 1 761
5 25 0 186
5 25 1 762
5 26 0 187
5 26 1 763
5 27 0 188
5 27 1 764
5 28 0 189
5 28 1 765
5 29 0 190
5 29 1 766
5 30 0 191
5 30 1 767
5 31 0 192
5 31 1 768
6 0 0 193
6 0 1 769
6 1 0 194
6 1 1 770
6 2 0 195
6 2 1 771
6 3 0 196
6 3 1 772
6 4 0 197
6 4 1 773
6 5 0 198
6 5 1 774
6 6 0 199
6 6 1 775
6 7 0 200
6 7 1 776
6 8 0 201
6 8 1 777
6 9 0 202
6 9 1 778
6 10 0 203
6 10 1 779
6 11 0 204
6 11 1 780
6 12 0 205
6 12 1 781
6 13 0 206
6 13 1 782
6 14 0 207
6 14 1 783
6 15 0 208
6 15 1 784
6 16 0 209
6 16 1 785
6 17 0 210
6 17 1 786
6 18 0 211
6 18 1 787
6 19 0 212
6 19 1 788
6 20 0 213
6 20 1 789
6 21 0 214
6 21 1 790
6 22 0 215
6 22 1 791
6 23 0 216
6 23 1 792
6 24 0 217
6 24 1 793
6 25 0 218
6 25 1 794
6 26 0 219
6 26 1 795
6 27 0 220
6 27 1 796
6 28 0 221
6 28 1 797
6 29 0 222
6 29 1 798
6 30 0 223
6 30 1 799
6 31 0 224
6 31 1 800
7 0 0 225
7 0 1 801
7 1 0 226
7 1 1 802
7 2 0 227
7 2 1 803
7 3 0 228
7 3 1 804
7 4 0 229
7 4 1 805
7 5 0 230
7 5 1 806
7 6 0 231
7 6 1 807
7 7 0 232
7 7 1 808
7 8 0 233
7 8 1 809
7 9 0 234
7 9 1 810
7 10 0 235
7 10 1 811
7 11 0 236
7 11 1 812
7 12 0 237
7 12 1 813
7 13 0 238
7 13 1 814
7 14 0 239
7 14 1 815
7 15 0 240
7 15 1 816
7 16 0 241
7 16 1 817
7 17 0 242
7 17 1 818
7 18 0 243
7 18 1 819
7 19 0 244
7 19 1 820
7 20 0 245
7 20 1 821
7 21 0 246
7 21 1 822
7 22 0 247
7 22 1 823
7 23 0 248
7 23 1 824
7 24 0 249
7 24 1 825
7 25 0 250
7 25 1 826
7 26 0 251
7 26 1 827
7 27 0 252
7 27 1 828
7 28 0 253
7 28 1 829
7 29 0 254
7 29 1 830
7 30 0 255
7 30 1 831
7 31 0 256
7 31 1 832
8 0 0 257
8 0 1 833
8 1 0 258
8 1 1 834
8 2 0 259
8 2 1 835
8 3 0 260
8 3 1 836
8 4 0 261
8 4 1 837
8 5 0 262
8 5 1 838
8 6 0 263
8 6 1 839
8 7 0 264
8 7 1 840
8 8 0 265
8 8 1 841
8 9 0 266
8 9 1 842
8 10 0 267
8 10 1 843
8 11 0 268
8 11 1 844
8 12 0 269
8 12 1 845
8 13 0 270
8 13 1 846
8 14 0 271
8 14 1 847
8 15 0 272
8 15 1 848
8 16 0 273
8 16 1 849
8 17 0 274
8 17 1 850
8 18 0 275
8 18 1 851
8 19 0 276
8 19 1 852
8 20 0 277
8 20 1 853
8 21 0 278
8 21 1 854
8 22 0 279
8 22 1 855
8 23 0 280
8 23 1 856
8 24 0 281
8 24 1 857
8 25 0 282
8 25 1 858
8 26 0 283
8 26 1 859
8 27 0 284
8 27 1 860
8 28 0 285
8 28 1 861
8 29 0 286
8 29 1 862
8 30 0 287
8 30 1 863
8 31 0 288
8 31 1 864
9 0 0 289
9 0 1 865
9 1 0 290
9 1 1 866
9 2 0 291
9 2 1 867
9 3 0 292
9 3 1 868
9 4 0 293
9 4 1 869
9 5 0 294
9 5 1 870
9 6 0 295
9 6 1 871
9 7 0 296
9 7 1 872
9 8 0 297
9 8 1 873
9 9 0 298
9 9 1 874
9 10 0 299
9 10 1 875
9 11 0 300
9 11 1 876
9 12 0 301
9 12 1 877
9 13 0 302
9 13 1 878
9 14 0 303
9 14 1 879
9 15 0 304
9 15 1 880
9 16 0 305
9 16 1 881
9 17 0 306
9 17 1 882
9 18 0 307
9 18 1 883
9 19 0 308
9 19 1 884
9 20 0 309
9 20 1 885
9 21 0 310
9 21 1 886
9 22 0 311
9 22 1 887
9 23 0 312
9 23 1 888
9 24 0 313
9 24 1 889
9 25 0 314
9 25 1 890
9 26 0 315
9 26 1 891
9 27 0 316
9 27 1 892
9 28 0 317
9 28 1 893
9 29 0 318
9 29 1 894
9 30 0 319
9 30 1 895
9 31 0 320
9 31 1 896
10 0 0 321
10 0 1 897
10 1 0 322
10 1 1 898
10 2 0 323
10 2 1 899
10 3 0 324
10 3 1 900
10 4 0 325
10 4 1 901
10 5 0 326
10 5 1 902
10 6 0 327
10 6 1 903
10 7 0 328
10 7 1 904
10 8 0 329
10 8 1 905
10 9 0 330
10 9 1 906
10 10 0 331
10 10 1 907
10 11 0 332
10 11 1 908
10 12 0 333
10 12 1 909
10 13 0 334
10 13 1 910
10 14 0 335
10 14 1 911
10 15 0 336
10 15 1 912
10 16 0 337
10 16 1 913
10 17 0 338
10 17 1 914
10 18 0 339
10 18 1 915
10 19 0 340
10 19 1 916
10 20 0 341
10 20 1 917
10 21 0 342
10 21 1 918
10 22 0 343
10 22 1 919
10 23 0 344
10 23 1 920
10 24 0 345
10 24 1 921
10 25 0 346
10 25 1 922
10 26 0 347
10 26 1 923
10 27 0 348
10 27 1 924
10 28 0 349
10 28 1 925
10 29 0 350
10 29 1 926
10 30 0 351
10 30 1 927
10 31 0 352
10 31 1 928
11 0 0 353
11 0 1 929
11 1 0 354
11 1 1 930
11 2 0 355
11 2 1 931
11 3 0 356
11 3 1 932
11 4 0 357
11 4 1 933
11 5 0 358
11 5 1 934
11 6 0 359
11 6 1 935
11 7 0 360
11 7 1 936
11 8 0 361
11 8 1 937
11 9 0 362
11 9 1 938
11 10 0 363
11 10 1 939
11 11 0 364
11 11 1 940
11 12 0 365
11 12 1 941
11 13 0 366
11 13 1 942
11 14 0 367
11 14 1 943
11 15 0 368
11 15 1 944
11 16 0 369
11 16 1 945
11 17 0 370
11 17 1 946
11 18 0 371
11 18 1 947
11 19 0 372
11 19 1 948
11 20 0 373
11 20 1 949
11 21 0 374
11 21 1 950
11 22 0 375
11 22 1 951
11 23 0 376
11 23 1 952
11 24 0 377
11 24 1 953
11 25 0 378
11 25 1 954
11 26 0 379
11 26 1 955
11 27 0 380
11 27 1 956
11 28 0 381
11 28 1 957
11 29 0 382
11 29 1 958
11 30 0 383
11 30 1 959
11 31 0 384
11 31 1 960
12 0 0 385
12 0 1 961
12 1 0 386
12 1 1 962
12 2 0 387
12 2 1 963
12 3 0 388
12 3 1 964
12 4 0 389
12 4 1 965
12 5 0 390
12 5 1 966
12 6 0 391
12 6 1 967
12 7 0 392
12 7 1 968
12 8 0 393
12 8 1 969
12 9 0 394
12 9 1 970
12 10 0 395
12 10 1 971
12 11 0 396
12 11 1 972
12 12 0 397
12 12 1 973
12 13 0 398
12 13 1 974
12 14 0 399
12 14 1 975
12 15 0 400
12 15 1 976
12 16 0 401
12 16 1 977
12 17 0 402
12 17 1 978
12 18 0 403
12 18 1 979
12 19 0 404
12 19 1 980
12 20 0 405
12 20 1 981
12 21 0 406
12 21 1 982
12 22 0 407
12 22 1 983
12 23 0 408
12 23 1 984
12 24 0 409
12 24 1 985
12 25 0 410
12 25 1 986
12 26 0 411
12 26 1 987
12 27 0 412
12 27 1 988
12 28 0 413
12 28 1 989
12 29 0 414
12 29 1 990
12 30 0 415
12 30 1 991
12 31 0 416
12 31 1 992
13 0 0 417
13 0 1 993
13 1 0 418
13 1 1 994
13 2 0 419
13 2 1 995
13 3 0 420
13 3 1 996
13 4 0 421
13 4 1 997
13 5 0 422
13 5 1 998
13 6 0 423
13 6 1 999
13 7 0 424
13 7 1 1000
13 8 0 425
13 8 1 1001
13 9 0 426
13 9 1 1002
13 10 0 427
13 10 1 1003
13 11 0 428
13 11 1 1004
13 12 0 429
13 12 1 1005
13 13 0 430
13 13 1 1006
13 14 0 431
13 14 1 1007
13 15 0 432
13 15 1 1008
13 16 0 433
13 16 1 1009
13 17 0 434
13 17 1 1010
13 18 0 435
13 18 1 1011
13 19 0 436
13 19 1 1012
13 20 0 437
13 20 1 1013
13 21 0 438
13 21 1 1014
13 22 0 439
13 22 1 1015
13 23 0 440
13 23 1 1016
13 24 0 441
13 24 1 1017
13 25 0 442
13 25 1 1018
13 26 0 443
13 26 1 1019
13 27 0 444
13 27 1 1020
13 28 0 445
13 28 1 1021
13 29 0 446
13 29 1 1022
13 30 0 447
13 30 1 1023
13 31 0 448
13 31 1 1024
14 0 0 449
14 0 1 1025
14 1 0 450
14 1 1 1026
14 2 0 451
14 2 1 1027
14 3 0 452
14 3 1 1028
14 4 0 453
14 4 1 1029
14 5 0 454
14 5 1 1030
14 6 0 455
14 6 1 1031
14 7 0 456
14 7 1 1032
14 8 0 457
14 8 1 1033
14 9 0 458
14 9 1 1034
14 10 0 459
14 10 1 1035
14 11 0 460
14 11 1 1036
14 12 0 461
14 12 1 1037
14 13 0 462
14 13 1 1038
14 14 0 463
14 14 1 1039
14 15 0 464
14 15 1 1040
14 16 0 465
14 16 1 1041
14 17 0 466
14 17 1 1042
14 18 0 467
14 18 1 1043
14 19 0 468
14 19 1 1044
14 20 0 469
14 20 1 1045
14 21 0 470
14 21 1 1046
14 22 0 471
14 22 1 1047
14 23 0 472
14 23 1 1048
14 24 0 473
14 24 1 1049
14 25 0 474
14 25 1 1050
14 26 0 475
14 26 1 1051
14 27 0 476
14 27 1 1052
14 28 0 477
14 28 1 1053
14 29 0 478
14 29 1 1054
14 30 0 479
14 30 1 1055
14 31 0 480
14 31 1 1056
15 0 0 481
15 0 1 1057
15 1 0 482
15 1 1 1058
15 2 0 483
15 2 1 1059
15 3 0 484
15 3 1 1060
15 4 0 485
15 4 1 1061
15 5 0 486
15 5 1 1062
15 6 0 487
15 6 1 1063
15 7 0 488
15 7 1 1064
15 8 0 489
15 8 1 1065
15 9 0 490
15 9 1 1066
15 10 0 491
15 10 1 1067
15 11 0 492
15 11 1 1068
15 12 0 493
15 12 1 1069
15 13 0 494
15 13 1 1070
15 14 0 495
15 14 1 1071
15 15 0 496
15 15 1 1072
15 16 0 497
15 16 1 1073
15 17 0 498
15 17 1 1074
15 18 0 499
15 18 1 1075
15 19 0 500
15 19 1 1076
15 20 0 501
15 20 1 1077
15 21 0 502
15 21 1 1078
15 22 0 503
15 22 1 1079
15 23 0 504
15 23 1 1080
15 24 0 505
15 24 1 1081
15 25 0 506
15 25 1 1082
15 26 0 507
15 26 1 1083
15 27 0 508
15 27 1 1084
15 28 0 509
15 28 1 1085
15 29 0 510
15 29 1 1086
15 30 0 511
15 30 1 1087
15 31 0 512
15 31 1 1088
16 0 0 513
16 0 1 1089
16 1 0 514
16 1 1 1090
16 2 0 515
16 2 1 1091
16 3 0 516
16 3 1 1092
16 4 0 517
16 4 1 1093
16 5 0 518
16 5 1 1094
16 6 0 519
16 6 1 1095
16 7 0 520
16 7 1 1096
16 8 0 521
16 8 1 1097
16 9 0 522
16 9 1 1098
16 10 0 523
16 10 1 1099
16 11 0 524
16 11 1 1100
16 12 0 525
16 12 1 1101
16 13 0 526
16 13 1 1102
16 14 0 527
16 14 1 1103
16 15 0 528
16 15 1 1104
16 16 0 529
16 16 1 1105
16 17 0 530
16 17 1 1106
16 18 0 531
16 18 1 1107
16 19 0 532
16 19 1 1108
16 20 0 533
16 20 1 1109
16 21 0 534
16 21 1 1110
16 22 0 535
16 22 1 1111
16 23 0 536
16 23 1 1112
16 24 0 537
16 24 1 1113
16 25 0 538
16 25 1 1114
16 26 0 539
16 26 1 1115
16 27 0 540
16 27 1 1116
16 28 0 541
16 28 1 1117
16 29 0 542
16 29 1 1118
16 30 0 543
16 30 1 1119
16 31 0 544
16 31 1 1120
17 0 0 545
17 0 1 1121
17 1 0 546
17 1 1 1122
17 2 0 547
17 2 1 1123
17 3 0 548
17 3 1 1124
17 4 0 549
17 4 1 1125
17 5 0 550
17 5 1 1126
17 6 0 551
17 6 1 1127
17 7 0 552
17 7 1 1128
17 8 0 553
17 8 1 1129
17 9 0 554
17 9 1 1130
17 10 0 555
17 10 1 1131
17 11 0 556
17 11 1 1132
17 12 0 557
17 12 1 1133
17 13 0 558
17 13 1 1134
17 14 0 559
17 14 1 1135
17 15 0 560
17 15 1 1136
17 16 0 561
17 16 1 1137
17 17 0 562
17 17 1 1138
17 18 0 563
17 18 1 1139
17 19 0 564
17 19 1 1140
17 20 0 565
17 20 1 1141
17 21 0 566
17 21 1 1142
17 22 0 567
17 22 1 1143
17 23 0 568
17 23 1 1144
17 24 0 569
17 24 1 1145
17 25 0 570
17 25 1 1146
17 26 0 571
17 26 1 1147
17 27 0 572
17 27 1 1148
17 28 0 573
17 28 1 1149
17 29 0 574
17 29 1 1150
17 30 0 575
17 30 1 1151
17 31 0 576
17 31 1 1152

GFMD FFTW assignment:
  On proc 0 mynx = 18;

To read  Phi_q info from file: GFC.bin
FFT mesh from GFC measurement: 9 x 16
FFT mesh from the current run: 18 x 32

Eigenvalues of Phi(q0) from original gfc: 0.0227441 0.049326 0.300396 3.24211 3.5231 10.5991
Eigenvalues after rescaling original Phi: 2.27368e-12 4.93255e-12 3.00391e-11 3.24211 3.5231 10.5991

Phi_q interpolated from file: GFC.bin

Surface vector from this run: [4.42745 0], [0 2.55619]
Surface vector from gfc  run: [4.42745 0], [0 2.55619]
Surface basis  from this run: 0 0 0 2.21373 1.2781 0 
Surface basis  from gfc  run: 0 0 0 2.21373 1.2781 2.65036e-06 

Original/equilibrium position of atoms in the manifold
# idx atom x  y  z
0 1 0 0 0
1 577 2.21373 1.2781 0
2 2 0 2.55619 0
3 578 2.21373 3.83429 0
4 3 0 5.11238 0
5 579 2.21373 6.39048 0
6 4 0 7.66857 0
7 580 2.21373 8.94667 0
8 5 0 10.2248 0
9 581 2.21373 11.5029 0
10 6 0 12.781 0
11 582 2.21373 14.0591 0
12 7 0 15.3371 0
13 583 2.21373 16.6152 0
14 8 0 17.8933 0
15 584 2.21373 19.1714 0
16 9 0 20.4495 0
17 585 2.21373 21.7276 0
18 10 0 23.0057 0
19 586 2.21373 24.2838 0
20 11 0 25.5619 0
21 587 2.21373 26.84 0
22 12 0 28.1181 0
23 588 2.21373 29.3962 0
24 13 0 30.6743 0
25 589 2.21373 31.9524 0
26 14 0 33.2305 0
27 590 2.21373 34.5086 0
28 15 0 35.7867 0
29 591 2.21373 37.0648 0
30 16 0 38.3429 0
31 592 2.21373 39.621 0
32 17 0 40.8991 0
33 593 2.21373 42.1772 0
34 18 0 43.4552 0
35 594 2.21373 44.7333 0
36 19 0 46.0114 0
37 595 2.21373 47.2895 0
38 20 0 48.5676 0
39 596 2.21373 49.8457 0
40 21 0 51.1238 0
41 597 2.21373 52.4019 0
42 22 0 53.68 0
43 598 2.21373 54.9581 0
44 23 0 56.2362 0
45 599 2.21373 57.5143 0
46 24 0 58.7924 0
47 600 2.21373 60.0705 0
48 25 0 61.3486 0
49 601 2.21373 62.6267 0
50 26 0 63.9048 0
51 602 2.21373 65.1829 0
52 27 0 66.461 0
53 603 2.21373 67.7391 0
54 28 0 69.0172 0
55 604 2.21373 70.2953 0
56 29 0 71.5733 0
57 605 2.21373 72.8514 0
58 30 0 74.1295 0
59 606 2.21373 75.4076 0
60 31 0 76.6857 0
61 607 2.21373 77.9638 0
62 32 0 79.2419 0
63 608 2.21373 80.52 0
64 33 4.42745 0 0
65 609 6.64118 1.2781 0
66 34 4.42745 2.55619 0
67 610 6.64118 3.83429 0
68 35 4.42745 5.11238 0
69 611 6.64118 6.39048 0
70 36 4.42745 7.66857 0
71 612 6.64118 8.94667 0
72 37 4.42745 10.2248 0
73 613 6.64118 11.5029 0
74 38 4.42745 12.781 0
75 614 6.64118 14.0591 0
76 39 4.42745 15.3371 0
77 615 6.64118 16.6152 0
78 40 4.42745 17.8933 0
79 616 6.64118 19.1714 0
80 41 4.42745 20.4495 0
81 617 6.64118 21.7276 0
82 42 4.42745 23.0057 0
83 618 6.64118 24.2838 0
84 43 4.42745 25.5619 0
85 619 6.64118 26.84 0
86 44 4.42745 28.1181 0
87 620 6.64118 29.3962 0
88 45 4.42745 30.6743 0
89 621 6.64118 31.9524 0
90 46 4.42745 33.2305 0
91 622 6.64118 34.5086 0
92 47 4.42745 35.7867 0
93 623 6.64118 37.0648 0
94 48 4.42745 38.3429 0
95 624 6.64118 39.621 0
96 49 4.42745 40.8991 0
97 625 6.64118 42.1772 0
98 50 4.42745 43.4552 0
99 626 6.64118 44.7333 0
100 51 4.42745 46.0114 0
101 627 6.64118 47.2895 0
102 52 4.42745 48.5676 0
103 628 6.64118 49.8457 0
104 53 4.42745 51.1238 0
105 629 6.64118 52.4019 0
106 54 4.42745 53.68 0
107 630 6.64118 54.9581 0
108 55 4.42745 56.2362 0
109 631 6.64118 57.5143 0
110 56 4.42745 58.7924 0
111 632 6.64118 60.0705 0
112 57 4.42745 61.3486 0
113 633 6.64118 62.6267 0
114 58 4.42745 63.9048 0
115 634 6.64118 65.1829 0
116 59 4.42745 66.461 0
117 635 6.64118 67.7391 0
118 60 4.42745 69.0172 0
119 636 6.64118 70.2953 0
120 61 4.42745 71.5733 0
121 637 6.64118 72.8514 0
122 62 4.42745 74.1295 0
123 638 6.64118 75.4076 0
124 63 4.42745 76.6857 0
125 639 6.64118 77.9638 0
126 64 4.42745 79.2419 0
127 640 6.64118 80.52 0
128 65 8.85491 0 0
129 641 11.0686 1.2781 0
130 66 8.85491 2.55619 0
131 642 11.0686 3.83429 0
132 67 8.85491 5.11238 0
133 643 11.0686 6.39048 0
134 68 8.85491 7.66857 0
135 644 11.0686 8.94667 0
136 69 8.85491 10.2248 0
137 645 11.0686 11.5029 0
138 70 8.85491 12.781 0
139 646 11.0686 14.0591 0
140 71 8.85491 15.3371 0
141 647 11.0686 16.6152 0
142 72 8.85491 17.8933 0
143 648 11.0686 19.1714 0
144 73 8.85491 20.4495 0
145 649 11.0686 21.7276 0
146 74 8.85491 23.0057 0
147 650 11.0686 24.2838 0
148 75 8.85491 25.5619 0
149 651 11.0686 26.84 0
150 76 8.85491 28.1181 0
151 652 11.0686 29.3962 0
152 77 8.85491 30.6743 0
153 653 11.0686 31.9524 0
154 78 8.85491 33.2305 0
155 654 11.0686 34.5086 0
156 79 8.85491 35.7867 0
157 655 11.0686 37.0648 0
158 80 8.85491 38.3429 0
159 656 11.0686 39.621 0
160 81 8.85491 40.8991 0
161 657 11.0686 42.1772 0
162 82 8.85491 43.4552 0
163 658 11.0686 44.7333 0
164 83 8.85491 46.0114 0
165 659 11.0686 47.2895 0
166 84 8.85491 48.5676 0
167 660 11.0686 49.8457 0
168 85 8.85491 51.1238 0
169 661 11.0686 52.4019 0
170 86 8.85491 53.68 0
171 662 11.0686 54.9581 0
172 87 8.85491 56.2362 0
173 663 11.0686 57.5143 0
174 88 8.85491 58.7924 0
175 664 11.0686 60.0705 0
176 89 8.85491 61.3486 0
177 665 11.0686 62.6267 0
178 90 8.85491 63.9048 0
179 666 11.0686 65.1829 0
180 91 8.85491 66.461 0
181 667 11.0686 67.7391 0
182 92 8.85491 69.0172 0
183 668 11.0686 70.2953 0
184 93 8.85491 71.5733 0
185 669 11.0686 72.8514 0
186 94 8.85491 74.1295 0
187 670 11.0686 75.4076 0
188 95 8.85491 76.6857 0
189 671 11.0686 77.9638 0
190 96 8.85491 79.2419 0
191 672 11.0686 80.52 0
192 97 13.2824 0 0
193 673 15.4961 1.2781 0
194 98 13.2824 2.55619 0
195 674 15.4961 3.83429 0
196 99 13.2824 5.11238 0
197 675 15.4961 6.39048 0
198 100 13.2824 7.66857 0
199 676 15.4961 8.94667 0
200 101 13.2824 10.2248 0
201 677 15.4961 11.5029 0
202 102 13.2824 12.781 0
203 678 15.4961 14.0591 0
204 103 13.2824 15.3371 0
205 679 15.4961 16.6152 0
206 104 13.2824 17.8933 0
207 680 15.4961 19.1714 0
208 105 13.2824 20.4495 0
209 681 15.4961 21.7276 0
210 106 13.2824 23.0057 0
211 682 15.4961 24.2838 0
212 107 13.2824 25.5619 0
213 683 15.4961 26.84 0
214 108 13.2824 28.1181 0
215 684 15.4961 29.3962 0
216 109 13.2824 30.6743 0
217 685 15.4961 31.9524 0
218 110 13.2824 33.2305 0
219 686 15.4961 34.5086 0
220 111 13.2824 35.7867 0
221 687 15.4961 37.0648 0
222 112 13.2824 38.3429 0
223 688 15.4961 39.621 0
224 113 13.2824 40.8991 0
225 689 15.4961 42.1772 0
226 114 13.2824 43.4552 0
227 690 15.4961 44.7333 0
228 115 13.2824 46.0114 0
229 691 15.4961 47.2895 0
230 116 13.2824 48.5676 0
231 692 15.4961 49.8457 0
232 117 13.2824 51.1238 0
233 693 15.4961 52.4019 0
234 118 13.2824 53.68 0
235 694 15.4961 54.9581 0
236 119 13.2824 56.2362 0
237 695 15.4961 57.5143 0
238 120 13.2824 58.7924 0
239 696 15.4961 60.0705 0
240 121 13.2824 61.3486 0
241 697 15.4961 62.6267 0
242 122 13.2824 63.9048 0
243 698 15.4961 65.1829 0
244 123 13.2824 66.461 0
245 699 15.4961 67.7391 0
246 124 13.2824 69.0172 0
247 700 15.4961 70.2953 0
248 125 13.2824 71.5733 0
249 701 15.4961 72.8514 0
250 126 13.2824 74.1295 0
251 702 15.4961 75.4076 0
252 127 13.2824 76.6857 0
253 703 15.4961 77.9638 0
254 128 13.2824 79.2419 0
255 704 15.4961 80.52 0
256 129 17.7098 0 0
257 705 19.9235 1.2781 0
258 130 17.7098 2.55619 0
259 706 19.9235 3.83429 0
260 131 17.7098 5.11238 0
261 707 19.9235 6.39048 0
262 132 17.7098 7.66857 0
263 708 19.9235 8.94667 0
264 133 17.7098 10.2248 0
265 709 19.9235 11.5029 0
266 134 17.7098 12.781 0
267 710 19.9235 14.0591 0
268 135 17.7098 15.3371 0
269 711 19.9235 16.6152 0
270 136 17.7098 17.8933 0
271 712 19.9235 19.1714 0
272 137 17.7098 20.4495 0
273 713 19.9235 21.7276 0
274 138 17.7098 23.0057 0
275 714 19.9235 24.2838 0
276 139 17.7098 25.5619 0
277 715 19.9235 26.84 0
278 140 17.7098 28.1181 0
279 716 19.9235 29.3962 0
280 141 17.7098 30.6743 0
281 717 19.9235 31.9524 0
282 142 17.7098 33.2305 0
283 718 19.9235 34.5086 0
284 143 17.7098 35.7867 0
285 719 19.9235 37.0648 0
286 144 17.7098 38.3429 0
287 720 19.9235 39.621 0
288 145 17.7098 40.8991 0
289 721 19.9235 42.1772 0
290 146 17.7098 43.4552 0
291 722 19.9235 44.7333 0
292 147 17.7098 46.0114 0
293 723 19.9235 47.2895 0
294 148 17.7098 48.5676 0
295 724 19.9235 49.8457 0
296 149 17.7098 51.1238 0
297 725 19.9235 52.4019 0
298 150 17.7098 53.68 0
299 726 19.9235 54.9581 0
300 151 17.7098 56.2362 0
301 727 19.9235 57.5143 0
302 152 17.7098 58.7924 0
303 728 19.9235 60.0705 0
304 153 17.7098 61.3486 0
305 729 19.9235 62.6267 0
306 154 17.7098 63.9048 0
307 730 19.9235 65.1829 0
308 155 17.7098 66.461 0
309 731 19.9235 67.7391 0
310 156 17.7098 69.0172 0
311 732 19.9235 70.2953 0
312 157 17.7098 71.5733 0
313 733 19.9235 72.8514 0
314 158 17.7098 74.1295 0
315 734 19.9235 75.4076 0
316 159 17.7098 76.6857 0
317 735 19.9235 77.9638 0
318 160 17.7098 79.2419 0
319 736 19.9235 80.52 0
320 161 22.1373 0 0
321 737 24.351 1.2781 0
322 162 22.1373 2.55619 0
323 738 24.351 3.83429 0
324 163 22.1373 5.11238 0
325 739 24.351 6.39048 0
326 164 22.1373 7.66857 0
327 740 24.351 8.94667 0
328 165 22.1373 10.2248 0
329 741 24.351 11.5029 0
330 166 22.1373 12.781 0
331 742 24.351 14.0591 0
332 167 22.1373 15.3371 0
333 743 24.351 16.6152 0
334 168 22.1373 17.8933 0
335 744 24.351 19.1714 0
336 169 22.1373 20.4495 0
337 745 24.351 21.7276 0
338 170 22.1373 23.0057 0
339 746 24.351 24.2838 0
340 171 22.1373 25.5619 0
341 747 24.351 26.84 0
342 172 22.1373 28.1181 0
343 748 24.351 29.3962 0
344 173 22.1373 30.6743 0
345 749 24.351 31.9524 0
346 174 22.1373 33.2305 0
347 750 24.351 34.5086 0
348 175 22.1373 35.7867 0
349 751 24.351 37.0648 0
350 176 22.1373 38.3429 0
351 752 24.351 39.621 0
352 177 22.1373 40.8991 0
353 753 24.351 42.1772 0
354 178 22.1373 43.4552 0
355 754 24.351 44.7333 0
356 179 22.1373 46.0114 0
357 755 24.351 47.2895 0
358 180 22.1373 48.5676 0
359 756 24.351 49.8457 0
360 181 22.1373 51.1238 0
361 757 24.351 52.4019 0
362 182 22.1373 53.68 0
363 758 24.351 54.9581 0
364 183 22.1373 56.2362 0
365 759 24.351 57.5143 0
366 184 22.1373 58.7924 0
367 760 24.351 60.0705 0
368 185 22.1373 61.3486 0
369 761 24.351 62.6267 0
370 186 22.1373 63.9048 0
371 762 24.351 65.1829 0
372 187 22.1373 66.461 0
373 763 24.351 67.7391 0
374 188 22.1373 69.0172 0
375 764 24.351 70.2953 0
376 189 22.1373 71.5733 0
377 765 24.351 72.8514 0
378 190 22.1373 74.1295 0
379 766 24.351 75.4076 0
380 191 22.1373 76.6857 0
381 767 24.351 77.9638 0
382 192 22.1373 79.2419 0
383 768 24.351 80.52 0
384 193 26.5647 0 0
385 769 28.7784 1.2781 0
386 194 26.5647 2.55619 0
387 770 28.7784 3.83429 0
388 195 26.5647 5.11238 0
389 771 28.7784 6.39048 0
390 196 26.5647 7.66857 0
391 772 28.7784 8.94667 0
392 197 26.5647 10.2248 0
393 773 28.7784 11.5029 0
394 198 26.5647 12.781 0
395 774 28.7784 14.0591 0
396 199 26.5647 15.3371 0
397 775 28.7784 16.6152 0
398 200 26.5647 17.8933 0
399 776 28.7784 19.1714 0
400 201 26.5647 20.4495 0
401 777 28.7784 21.7276 0
402 202 26.5647 23.0057 0
403 778 28.7784 24.2838 0
404 203 26.5647 25.5619 0
405 779 28.7784 26.84 0
406 204 26.5647 28.1181 0
407 780 28.7784 29.3962 0
408 205 26.5647 30.6743 0
409 781 28.7784 31.9524 0
410 206 26.5647 33.2305 0
411 782 28.7784 34.5086 0
412 207 26.5647 35.7867 0
413 783 28.7784 37.0648 0
414 208 26.5647 38.3429 0
415 784 28.7784 39.621 0
416 209 26.5647 40.8991 0
417 785 28.7784 42.1772 0
418 210 26.5647 43.4552 0
419 786 28.7784 44.7333 0
420 211 26.5647 46.0114 0
421 787 28.7784 47.2895 0
422 212 26.5647 48.5676 0
423 788 28.7784 49.8457 0
424 213 26.5647 51.1238 0
425 789 28.7784 52.4019 0
426 214 26.5647 53.68 0
427 790 28.7784 54.9581 0
428 215 26.5647 56.2362 0
429 791 28.7784 57.5143 0
430 216 26.5647 58.7924 0
431 792 28.7784 60.0705 0
432 217 26.5647 61.3486 0
433 793 28.7784 62.6267 0
434 218 26.5647 63.9048 0
435 794 28.7784 65.1829 0
436 219 26.5647 66.461 0
437 795 28.7784 67.7391 0
438 220 26.5647 69.0172 0
439 796 28.7784 70.2953 0
440 221 26.5647 71.5733 0
441 797 28.7784 72.8514 0
442 222 26.5647 74.1295 0
443 798 28.7784 75.4076 0
444 223 26.5647 76.6857 0
445 799 28.7784 77.9638 0
446 224 26.5647 79.2419 0
447 800 28.7784 80.52 0
448 225 30.9922 0 0
449 801 33.2059 1.2781 0
450 226 30.9922 2.55619 0
451 802 33.2059 3.83429 0
452 227 30.9922 5.11238 0
453 803 33.2059 6.39048 0
454 228 30.9922 7.66857 0
455 804 33.2059 8.94667 0
456 229 30.9922 10.2248 0
457 805 33.2059 11.5029 0
458 230 30.9922 12.781 0
459 806 33.2059 14.0591 0
460 231 30.9922 15.3371 0
461 807 33.2059 16.6152 0
462 232 30.9922 17.8933 0
463 808 33.2059 19.1714 0
464 233 30.9922 20.4495 0
465 809 33.2059 21.7276 0
466 234 30.9922 23.0057 0
467 810 33.2059 24.2838 0
468 235 30.9922 25.5619 0
469 811 33.2059 26.84 0
470 236 30.9922 28.1181 0
471 812 33.2059 29.3962 0
472 237 30.9922 30.6743 0
473 813 33.2059 31.9524 0
474 238 30.9922 33.2305 0
475 814 33.2059 34.5086 0
476 239 30.9922 35.7867 0
477 815 33.2059 37.0648 0
478 240 30.9922 38.3429 0
479 816 33.2059 39.621 0
480 241 30.9922 40.8991 0
481 817 33.2059 42.1772 0
482 242 30.9922 43.4552 0
483 818 33.2059 44.7333 0
484 243 30.9922 46.0114 0
485 819 33.2059 47.2895 0
486 244 30.9922 48.5676 0
487 820 33.2059 49.8457 0
488 245 30.9922 51.1238 0
489 821 33.2059 52.4019 0
490 246 30.9922 53.68 0
491 822 33.2059 54.9581 0
492 247 30.9922 56.2362 0
493 823 33.2059 57.5143 0
494 248 30.9922 58.7924 0
495 824 33.2059 60.0705 0
496 249 30.9922 61.3486 0
497 825 33.2059 62.6267 0
498 250 30.9922 63.9048 0
499 826 33.2059 65.1829 0
500 251 30.9922 66.461 0
501 827 33.2059 67.7391 0
502 252 30.9922 69.0172 0
503 828 33.2059 70.2953 0
504 253 30.9922 71.5733 0
505 829 33.2059 72.8514 0
506 254 30.9922 74.1295 0
507 830 33.2059 75.4076 0
508 255 30.9922 76.6857 0
509 831 33.2059 77.9638 0
510 256 30.9922 79.2419 0
511 832 33.2059 80.52 0
512 257 35.4196 0 0
513 833 37.6333 1.2781 0
514 258 35.4196 2.55619 0
515 834 37.6333 3.83429 0
516 259 35.4196 5.11238 0
517 835 37.6333 6.39048 0
518 260 35.4196 7.66857 0
519 836 37.6333 8.94667 0
520 261 35.4196 10.2248 0
521 837 37.6333 11.5029 0
522 262 35.4196 12.781 0
523 838 37.6333 14.0591 0
524 263 35.4196 15.3371 0
525 839 37.6333 16.6152 0
526 264 35.4196 17.8933 0
527 840 37.6333 19.1714 0
528 265 35.4196 20.4495 0
529 841 37.6333 21.7276 0
530 266 35.4196 23.0057 0
531 842 37.6333 24.2838 0
532 267 35.4196 25.5619 0
533 843 37.6333 26.84 0
534 268 35.4196 28.1181 0
535 844 37.6333 29.3962 0
536 269 35.4196 30.6743 0
537 845 37.6333 31.9524 0
538 270 35.4196 33.2305 0
539 846 37.6333 34.5086 0
540 271 35.4196 35.7867 0
541 847 37.6333 37.0648 0
542 272 35.4196 38.3429 0
543 848 37.6333 39.621 0
544 273 35.4196 40.8991 0
545 849 37.6333 42.1772 0
546 274 35.4196 43.4552 0
547 850 37.6333 44.7333 0
548 275 35.4196 46.0114 0
549 851 37.6333 47.2895 0
550 276 35.4196 48.5676 0
551 852 37.6333 49.8457 0
552 277 35.4196 51.1238 0
553 853 37.6333 52.4019 0
554 278 35.4196 53.68 0
555 854 37.6333 54.9581 0
556 279 35.4196 56.2362 0
557 855 37.6333 57.5143 0
558 280 35.4196 58.7924 0
559 856 37.6333 60.0705 0
560 281 35.4196 61.3486 0
561 857 37.6333 62.6267 0
562 282 35.4196 63.9048 0
563 858 37.6333 65.1829 0
564 283 35.4196 66.461 0
565 859 37.6333 67.7391 0
566 284 35.4196 69.0172 0
567 860 37.6333 70.2953 0
568 285 35.4196 71.5733 0
569 861 37.6333 72.8514 0
570 286 35.4196 74.1295 0
571 862 37.6333 75.4076 0
572 287 35.4196 76.6857 0
573 863 37.6333 77.9638 0
574 288 35.4196 79.2419 0
575 864 37.6333 80.52 0
576 289 39.8471 0 0
577 865 42.0608 1.2781 0
578 290 39.8471 2.55619 0
579 866 42.0608 3.83429 0
580 291 39.8471 5.11238 0
581 867 42.0608 6.39048 0
582 292 39.8471 7.66857 0
583 868 42.0608 8.94667 0
584 293 39.8471 10.2248 0
585 869 42.0608 11.5029 0
586 294 39.8471 12.781 0
587 870 42.0608 14.0591 0
588 295 39.8471 15.3371 0
589 871 42.0608 16.6152 0
590 296 39.8471 17.8933 0
591 872 42.0608 19.1714 0
592 297 39.8471 20.4495 0
593 873 42.0608 21.7276 0
594 298 39.8471 23.0057 0
595 874 42.0608 24.2838 0
596 299 39.8471 25.5619 0
597 875 42.0608 26.84 0
598 300 39.8471 28.1181 0
599 876 42.0608 29.3962 0
600 301 39.8471 30.6743 0
601 877 42.0608 31.9524 0
602 302 39.8471 33.2305 0
603 878 42.0608 34.5086 0
604 303 39.8471 35.7867 0
605 879 42.0608 37.0648 0
606 304 39.8471 38.3429 0
607 880 42.0608 39.621 0
608 305 39.8471 40.8991 0
609 881 42.0608 42.1772 0
610 306 39.8471 43.4552 0
611 882 42.0608 44.7333 0
612 307 39.8471 46.0114 0
613 883 42.0608 47.2895 0
614 308 39.8471 48.5676 0
615 884 42.0608 49.8457 0
616 309 39.8471 51.1238 0
617 885 42.0608 52.4019 0
618 310 39.8471 53.68 0
619 886 42.0608 54.9581 0
620 311 39.8471 56.2362 0
621 887 42.0608 57.5143 0
622 312 39.8471 58.7924 0
623 888 42.0608 60.0705 0
624 313 39.8471 61.3486 0
625 889 42.0608 62.6267 0
626 314 39.8471 63.9048 0
627 890 42.0608 65.1829 0
628 315 39.8471 66.461 0
629 891 42.0608 67.7391 0
630 316 39.8471 69.0172 0
631 892 42.0608 70.2953 0
632 317 39.8471 71.5733 0
633 893 42.0608 72.8514 0
634 318 39.8471 74.1295 0
635 894 42.0608 75.4076 0
636 319 39.8471 76.6857 0
637 895 42.0608 77.9638 0
638 320 39.8471 79.2419 0
639 896 42.0608 80.52 0
640 321 44.2745 0 0
641 897 46.4883 1.2781 0
642 322 44.2745 2.55619 0
643 898 46.4883 3.83429 0
644 323 44.2745 5.11238 0
645 899 46.4883 6.39048 0
646 324 44.2745 7.66857 0
647 900 46.4883 8.94667 0
648 325 44.2745 10.2248 0
649 901 46.4883 11.5029 0
650 326 44.2745 12.781 0
651 902 46.4883 14.0591 0
652 327 44.2745 15.3371 0
653 903 46.4883 16.6152 0
654 328 44.2745 17.8933 0
655 904 46.4883 19.1714 0
656 329 44.2745 20.4495 0
657 905 46.4883 21.7276 0
658 330 44.2745 23.0057 0
659 906 46.4883 24.2838 0
660 331 44.2745 25.5619 0
661 907 46.4883 26.84 0
662 332 44.2745 28.1181 0
663 908 46.4883 29.3962 0
664 333 44.2745 30.6743 0
665 909 46.4883 31.9524 0
666 334 44.2745 33.2305 0
667 910 46.4883 34.5086 0
668 335 44.2745 35.7867 0
669 911 46.4883 37.0648 0
670 336 44.2745 38.3429 0
671 912 46.4883 39.621 0
672 337 44.2745 40.8991 0
673 913 46.4883 42.1772 0
674 338 44.2745 43.4552 0
675 914 46.4883 44.7333 0
676 339 44.2745 46.0114 0
677 915 46.4883 47.2895 0
678 340 44.2745 48.5676 0
679 916 46.4883 49.8457 0
680 341 44.2745 51.1238 0
681 917 46.4883 52.4019 0
682 342 44.2745 53.68 0
683 918 46.4883 54.9581 0
684 343 44.2745 56.2362 0
685 919 46.4883 57.5143 0
686 344 44.2745 58.7924 0
687 920 46.4883 60.0705 0
688 345 44.2745 61.3486 0
689 921 46.4883 62.6267 0
690 346 44.2745 63.9048 0
691 922 46.4883 65.1829 0
692 347 44.2745 66.461 0
693 923 46.4883 67.7391 0
694 348 44.2745 69.0172 0
695 924 46.4883 70.2953 0
696 349 44.2745 71.5733 0
697 925 46.4883 72.8514 0
698 350 44.2745 74.1295 0
699 926 46.4883 75.4076 0
700 351 44.2745 76.6857 0
701 927 46.4883 77.9638 0
702 352 44.2745 79.2419 0
703 928 46.4883 80.52 0
704 353 48.702 0 0
705 929 50.9157 1.2781 0
706 354 48.702 2.55619 0
707 930 50.9157 3.83429 0
708 355 48.702 5.11238 0
709 931 50.9157 6.39048 0
710 356 48.702 7.66857 0
711 932 50.9157 8.94667 0
712 357 48.702 10.2248 0
713 933 50.9157 11.5029 0
714 358 48.702 12.781 0
715 934 50.9157 14.0591 0
716 359 48.702 15.3371 0
717 935 50.9157 16.6152 0
718 360 48.702 17.8933 0
719 936 50.9157 19.1714 0
720 361 48.702 20.4495 0
721 937 50.9157 21.7276 0
722 362 48.702 23.0057 0
723 938 50.9157 24.2838 0
724 363 48.702 25.5619 0
725 939 50.9157 26.84 0
726 364 48.702 28.1181 0
727 940 50.9157 29.3962 0
728 365 48.702 30.6743 0
729 941 50.9157 31.9524 0
730 366 48.702 33.2305 0
731 942 50.9157 34.5086 0
732 367 48.702 35.7867 0
733 943 50.9157 37.0648 0
734 368 48.702 38.3429 0
735 944 50.9157 39.621 0
736 369 48.702 40.8991 0
737 945 50.9157 42.1772 0
738 370 48.702 43.4552 0
739 946 50.9157 44.7333 0
740 371 48.702 46.0114 0
741 947 50.9157 47.2895 0
742 372 48.702 48.5676 0
743 948 50.9157 49.8457 0
744 373 48.702 51.1238 0
745 949 50.9157 52.4019 0
746 374 48.702 53.68 0
747 950 50.9157 54.9581 0
748 375 48.702 56.2362 0
749 951 50.9157 57.5143 0
750 376 48.702 58.7924 0
751 952 50.9157 60.0705 0
752 377 48.702 61.3486 0
753 953 50.9157 62.6267 0
754 378 48.702 63.9048 0
755 954 50.9157 65.1829 0
756 379 48.702 66.461 0
757 955 50.9157 67.7391 0
758 380 48.702 69.0172 0
759 956 50.9157 70.2953 0
760 381 48.702 71.5733 0
761 957 50.9157 72.8514 0
762 382 48.702 74.1295 0
763 958 50.9157 75.4076 0
764 383 48.702 76.6857 0
765 959 50.9157 77.9638 0
766 384 48.702 79.2419 0
767 960 50.9157 80.52 0
768 385 53.1294 0 0
769 961 55.3432 1.2781 0
770 386 53.1294 2.55619 0
771 962 55.3432 3.83429 0
772 387 53.1294 5.11238 0
773 963 55.3432 6.39048 0
774 388 53.1294 7.66857 0
775 964 55.3432 8.94667 0
776 389 53.1294 10.2248 0
777 965 55.3432 11.5029 0
778 390 53.1294 12.781 0
779 966 55.3432 14.0591 0
780 391 53.1294 15.3371 0
781 967 55.3432 16.6152 0
782 392 53.1294 17.8933 0
783 968 55.3432 19.1714 0
784 393 53.1294 20.4495 0
785 969 55.3432 21.7276 0
786 394 53.1294 23.0057 0
787 970 55.3432 24.2838 0
788 395 53.1294 25.5619 0
789 971 55.3432 26.84 0
790 396 53.1294 28.1181 0
791 972 55.3432 29.3962 0
792 397 53.1294 30.6743 0
793 973 55.3432 31.9524 0
794 398 53.1294 33.2305 0
795 974 55.3432 34.5086 0
796 399 53.1294 35.7867 0
797 975 55.3432 37.0648 0
798 400 53.1294 38.3429 0
799 976 55.3432 39.621 0
800 401 53.1294 40.8991 0
801 977 55.3432 42.1772 0
802 402 53.1294 43.4552 0
803 978 55.3432 44.7333 0
804 403 53.1294 46.0114 0
805 979 55.3432 47.2895 0
806 404 53.1294 48.5676 0
807 980 55.3432 49.8457 0
808 405 53.1294 51.1238 0
809 981 55.3432 52.4019 0
810 406 53.1294 53.68 0
811 982 55.3432 54.9581 0
812 407 53.1294 56.2362 0
813 983 55.3432 57.5143 0
814 408 53.1294 58.7924 0
815 984 55.3432 60.0705 0
816 409 53.1294 61.3486 0
817 985 55.3432 62.6267 0
818 410 53.1294 63.9048 0
819 986 55.3432 65.1829 0
820 411 53.1294 66.461 0
821 987 55.3432 67.7391 0
822 412 53.1294 69.0172 0
823 988 55.3432 70.2953 0
824 413 53.1294 71.5733 0
825 989 55.3432 72.8514 0
826 414 53.1294 74.1295 0
827 990 55.3432 75.4076 0
828 415 53.1294 76.6857 0
829 991 55.3432 77.9638 0
830 416 53.1294 79.2419 0
831 992 55.3432 80.52 0
832 417 57.5569 0 0
833 993 59.7706 1.2781 0
834 418 57.5569 2.55619 0
835 994 59.7706 3.83429 0
836 419 57.5569 5.11238 0
837 995 59.7706 6.39048 0
838 420 57.5569 7.66857 0
839 996 59.7706 8.94667 0
840 421 57.5569 10.2248 0
841 997 59.7706 11.5029 0
842 422 57.5569 12.781 0
843 998 59.7706 14.0591 0
844 423 57.5569 15.3371 0
845 999 59.7706 16.6152 0
846 424 57.5569 17.8933 0
847 1000 59.7706 19.1714 0
848 425 57.5569 20.4495 0
849 1001 59.7706 21.7276 0
850 426 57.5569 23.0057 0
851 1002 59.7706 24.2838 0
852 427 57.5569 25.5619 0
853 1003 59.7706 26.84 0
854 428 57.5569 28.1181 0
855 1004 59.7706 29.3962 0
856 429 57.5569 30.6743 0
857 1005 59.7706 31.9524 0
858 430 57.5569 33.2305 0
859 1006 59.7706 34.5086 0
860 431 57.5569 35.7867 0
861 1007 59.7706 37.0648 0
862 432 57.5569 38.3429 0
863 1008 59.7706 39.621 0
864 433 57.5569 40.8991 0
865 1009 59.7706 42.1772 0
866 434 57.5569 43.4552 0
867 1010 59.7706 44.7333 0
868 435 57.5569 46.0114 0
869 1011 59.7706 47.2895 0
870 436 57.5569 48.5676 0
871 1012 59.7706 49.8457 0
872 437 57.5569 51.1238 0
873 1013 59.7706 52.4019 0
874 438 57.5569 53.68 0
875 1014 59.7706 54.9581 0
876 439 57.5569 56.2362 0
877 1015 59.7706 57.5143 0
878 440 57.5569 58.7924 0
879 1016 59.7706 60.0705 0
880 441 57.5569 61.3486 0
881 1017 59.7706 62.6267 0
882 442 57.5569 63.9048 0
883 1018 59.7706 65.1829 0
884 443 57.5569 66.461 0
885 1019 59.7706 67.7391 0
886 444 57.5569 69.0172 0
887 1020 59.7706 70.2953 0
888 445 57.5569 71.5733 0
889 1021 59.7706 72.8514 0
890 446 57.5569 74.1295 0
891 1022 59.7706 75.4076 0
892 447 57.5569 76.6857 0
893 1023 59.7706 77.9638 0
894 448 57.5569 79.2419 0
895 1024 59.7706 80.52 0
896 449 61.9843 0 0
897 1025 64.1981 1.2781 0
898 450 61.9843 2.55619 0
899 1026 64.1981 3.83429 0
900 451 61.9843 5.11238 0
901 1027 64.1981 6.39048 0
902 452 61.9843 7.66857 0
903 1028 64.1981 8.94667 0
904 453 61.9843 10.2248 0
905 1029 64.1981 11.5029 0
906 454 61.9843 12.781 0
907 1030 64.1981 14.0591 0
908 455 61.9843 15.3371 0
909 1031 64.1981 16.6152 0
910 456 61.9843 17.8933 0
911 1032 64.1981 19.1714 0
912 457 61.9843 20.4495 0
913 1033 64.1981 21.7276 0
914 458 61.9843 23.0057 0
915 1034 64.1981 24.2838 0
916 459 61.9843 25.5619 0
917 1035 64.1981 26.84 0
918 460 61.9843 28.1181 0
919 1036 64.1981 29.3962 0
920 461 61.9843 30.6743 0
921 1037 64.1981 31.9524 0
922 462 61.9843 33.2305 0
923 1038 64.1981 34.5086 0
924 463 61.9843 35.7867 0
925 1039 64.1981 37.0648 0
926 464 61.9843 38.3429 0
927 1040 64.1981 39.621 0
928 465 61.9843 40.8991 0
929 1041 64.1981 42.1772 0
930 466 61.9843 43.4552 0
931 1042 64.1981 44.7333 0
932 467 61.9843 46.0114 0
933 1043 64.1981 47.2895 0
934 468 61.9843 48.5676 0
935 1044 64.1981 49.8457 0
936 469 61.9843 51.1238 0
937 1045 64.1981 52.4019 0
938 470 61.9843 53.68 0
939 1046 64.1981 54.9581 0
940 471 61.9843 56.2362 0
941 1047 64.1981 57.5143 0
942 472 61.9843 58.7924 0
943 1048 64.1981 60.0705 0
944 473 61.9843 61.3486 0
945 1049 64.1981 62.6267 0
946 474 61.9843 63.9048 0
947 1050 64.1981 65.1829 0
948 475 61.9843 66.461 0
949 1051 64.1981 67.7391 0
950 476 61.9843 69.0172 0
951 1052 64.1981 70.2953 0
952 477 61.9843 71.5733 0
953 1053 64.1981 72.8514 0
954 478 61.9843 74.1295 0
955 1054 64.1981 75.4076 0
956 479 61.9843 76.6857 0
957 1055 64.1981 77.9638 0
958 480 61.9843 79.2419 0
959 1056 64.1981 80.52 0
960 481 66.4118 0 0
961 1057 68.6255 1.2781 0
962 482 66.4118 2.55619 0
963 1058 68.6255 3.83429 0
964 483 66.4118 5.11238 0
965 1059 68.6255 6.39048 0
966 484 66.4118 7.66857 0
967 1060 68.6255 8.94667 0
968 485 66.4118 10.2248 0
969 1061 68.6255 11.5029 0
970 486 66.4118 12.781 0
971 1062 68.6255 14.0591 0
972 487 66.4118 15.3371 0
973 1063 68.6255 16.6152 0
974 488 66.4118 17.8933 0
975 1064 68.6255 19.1714 0
976 489 66.4118 20.4495 0
977 1065 68.6255 21.7276 0
978 490 66.4118 23.0057 0
979 1066 68.6255 24.2838 0
980 491 66.4118 25.5619 0
981 1067 68.6255 26.84 0
982 492 66.4118 28.1181 0
983 1068 68.6255 29.3962 0
984 493 66.4118 30.6743 0
985 1069 68.6255 31.9524 0
986 494 66.4118 33.2305 0
987 1070 68.6255 34.5086 0
988 495 66.4118 35.7867 0
989 1071 68.6255 37.0648 0
990 496 66.4118 38.3429 0
991 1072 68.6255 39.621 0
992 497 66.4118 40.8991 0
993 1073 68.6255 42.1772 0
994 498 66.4118 43.4552 0
995 1074 68.6255 44.7333 0
996 499 66.4118 46.0114 0
997 1075 68.6255 47.2895 0
998 500 66.4118 48.5676 0
999 1076 68.6255 49.8457 0
1000 501 66.4118 51.1238 0
1001 1077 68.6255 52.4019 0
1002 502 66.4118 53.68 0
1003 1078 68.6255 54.9581 0
1004 503 66.4118 56.2362 0
1005 1079 68.6255 57.5143 0
1006 504 66.4118 58.7924 0
1007 1080 68.6255 60.0705 0
1008 505 66.4118 61.3486 0
1009 1081 68.6255 62.6267 0
1010 506 66.4118 63.9048 0
1011 1082 68.6255 65.1829 0
1012 507 66.4118 66.461 0
1013 1083 68.6255 67.7391 0
1014 508 66.4118 69.0172 0
1015 1084 68.6255 70.2953 0
1016 509 66.4118 71.5733 0
1017 1085 68.6255 72.8514 0
1018 510 66.4118 74.1295 0
1019 1086 68.6255 75.4076 0
1020 511 66.4118 76.6857 0
1021 1087 68.6255 77.9638 0
1022 512 66.4118 79.2419 0
1023 1088 68.6255 80.52 0
1024 513 70.8392 0 0
1025 1089 73.053 1.2781 0
1026 514 70.8392 2.55619 0
1027 1090 73.053 3.83429 0
1028 515 70.8392 5.11238 0
1029 1091 73.053 6.39048 0
1030 516 70.8392 7.66857 0
1031 1092 73.053 8.94667 0
1032 517 70.8392 10.2248 0
1033 1093 73.053 11.5029 0
1034 518 70.8392 12.781 0
1035 1094 73.053 14.0591 0
1036 519 70.8392 15.3371 0
1037 1095 73.053 16.6152 0
1038 520 70.8392 17.8933 0
1039 1096 73.053 19.1714 0
1040 521 70.8392 20.4495 0
1041 1097 73.053 21.7276 0
1042 522 70.8392 23.0057 0
1043 1098 73.053 24.2838 0
1044 523 70.8392 25.5619 0
1045 1099 73.053 26.84 0
1046 524 70.8392 28.1181 0
1047 1100 73.053 29.3962 0
1048 525 70.8392 30.6743 0
1049 1101 73.053 31.9524 0
1050 526 70.8392 33.2305 0
1051 1102 73.053 34.5086 0
1052 527 70.8392 35.7867 0
1053 1103 73.053 37.0648 0
1054 528 70.8392 38.3429 0
1055 1104 73.053 39.621 0
1056 529 70.8392 40.8991 0
1057 1105 73.053 42.1772 0
1058 530 70.8392 43.4552 0
1059 1106 73.053 44.7333 0
1060 531 70.8392 46.0114 0
1061 1107 73.053 47.2895 0
1062 532 70.8392 48.5676 0
1063 1108 73.053 49.8457 0
1064 533 70.8392 51.1238 0
1065 1109 73.053 52.4019 0
1066 534 70.8392 53.68 0
1067 1110 73.053 54.9581 0
1068 535 70.8392 56.2362 0
1069 1111 73.053 57.5143 0
1070 536 70.8392 58.7924 0
1071 1112 73.053 60.0705 0
1072 537 70.8392 61.3486 0
1073 1113 73.053 62.6267 0
1074 538 70.8392 63.9048 0
1075 1114 73.053 65.1829 0
1076 539 70.8392 66.461 0
1077 1115 73.053 67.7391 0
1078 540 70.8392 69.0172 0
1079 1116 73.053 70.2953 0
1080 541 70.8392 71.5733 0
1081 1117 73.053 72.8514 0
1082 542 70.8392 74.1295 0
1083 1118 73.053 75.4076 0
1084 543 70.8392 76.6857 0
1085 1119 73.053 77.9638 0
1086 544 70.8392 79.2419 0
1087 1120 73.053 80.52 0
1088 545 75.2667 0 0
1089 1121 77.4804 1.2781 0
1090 546 75.2667 2.55619 0
1091 1122 77.4804 3.83429 0
1092 547 75.2667 5.11238 0
1093 1123 77.4804 6.39048 0
1094 548 75.2667 7.66857 0
1095 1124 77.4804 8.94667 0
1096 549 75.2667 10.2248 0
1097 1125 77.4804 11.5029 0
1098 550 75.2667 12.781 0
1099 1126 77.4804 14.0591 0
1100 551 75.2667 15.3371 0
1101 1127 77.4804 16.6152 0
1102 552 75.2667 17.8933 0
1103 1128 77.4804 19.1714 0
1104 553 75.2667 20.4495 0
1105 1129 77.4804 21.7276 0
1106 554 75.2667 23.0057 0
1107 1130 77.4804 24.2838 0
1108 555 75.2667 25.5619 0
1109 1131 77.4804 26.84 0
1110 556 75.2667 28.1181 0
1111 1132 77.4804 29.3962 0
1112 557 75.2667 30.6743 0
1113 1133 77.4804 31.9524 0
1114 558 75.2667 33.2305 0
1115 1134 77.4804 34.5086 0
1116 559 75.2667 35.7867 0
1117 1135 77.4804 37.0648 0
1118 560 75.2667 38.3429 0
1119 1136 77.4804 39.621 0
1120 561 75.2667 40.8991 0
1121 1137 77.4804 42.1772 0
1122 562 75.2667 43.4552 0
1123 1138 77.4804 44.7333 0
1124 563 75.2667 46.0114 0
1125 1139 77.4804 47.2895 0
1126 564 75.2667 48.5676 0
1127 1140 77.4804 49.8457 0
1128 565 75.2667 51.1238 0
1129 1141 77.4804 52.4019 0
1130 566 75.2667 53.68 0
1131 1142 77.4804 54.9581 0
1132 567 75.2667 56.2362 0
1133 1143 77.4804 57.5143 0
1134 568 75.2667 58.7924 0
1135 1144 77.4804 60.0705 0
1136 569 75.2667 61.3486 0
1137 1145 77.4804 62.6267 0
1138 570 75.2667 63.9048 0
1139 1146 77.4804 65.1829 0
1140 571 75.2667 66.461 0
1141 1147 77.4804 67.7391 0
1142 572 75.2667 69.0172 0
1143 1148 77.4804 70.2953 0
1144 573 75.2667 71.5733 0
1145 1149 77.4804 72.8514 0
1146 574 75.2667 74.1295 0
1147 1150 77.4804 75.4076 0
1148 575 75.2667 76.6857 0
1149 1151 77.4804 77.9638 0
1150 576 75.2667 79.2419 0
1151 1152 77.4804 80.52 0

Initialization done!
