############################################################
# group name of the Green's Function layer : bottom
# total number of atoms in the GF layer    : 16
# dimension of the system                  : 2 D
# number of atoms per unit surface cell    : 1
# dimension of the FFT mesh                : 16 x 1
# atomic tag of the surface origin         : 1
# number of wait steps before measurement  : 500000
# frequency of GFC measurement             : 20
# output result after this many measurement: 250000
# number of processors used by this run    : 1
############################################################
# Surface vectors: [ 1.11321, 0 ] [ 0, 1 ]
# mapping information between FFT mesh and atom id
# nx ny nucell
16 1 1
# ix iy iu atom_id
0 0 0 1
1 0 0 2
2 0 0 3
3 0 0 4
4 0 0 5
5 0 0 6
6 0 0 7
7 0 0 8
8 0 0 9
9 0 0 10
10 0 0 11
11 0 0 12
12 0 0 13
13 0 0 14
14 0 0 15
15 0 0 16
############################################################
############################################################
# Current time step                      : 5500000
# Total number of GFC measurements       : 250000
# Average temperature of the measurement : 0.00999869
# Boltzmann constant under current units : 1
# Basis of the surface unit cell         : 0 0 
############################################################
# ix	 iy 	 qx 	 qy			 Phi(q)
0 0 0 0 1.73095 0 -0.000889271 0 -0.000889271 0 5.3929 0
1 0 0.392699 0 21.4765 -4.88395e-18 0.1052 -4.91111 0.1052 4.91111 15.9978 0
2 0 0.785398 0 55.4536 4.07019e-18 0.0713071 -8.89946 0.0713071 8.89946 30.7603 0
3 0 1.1781 0 99.8493 0 -0.14671 -11.2108 -0.14671 11.2108 44.747 0
4 0 1.5708 0 151.501 0 0.147761 -11.6677 0.147761 11.6677 56.8127 0
5 0 1.9635 0 201.042 3.34357e-18 -0.15107 -10.4636 -0.15107 10.4636 66.7188 0
6 0 2.35619 0 244.1 0 0.120489 -7.87308 0.120489 7.87308 74.1527 0
7 0 2.74889 0 271.575 0 0.33352 -3.94772 0.33352 3.94772 78.3674 -5.55012e-19
8 0 3.14159 0 282.033 0 0.38224 0 0.38224 0 80.0068 0
9 0 -2.74889 0 271.575 0 0.33352 3.94772 0.33352 -3.94772 78.3674 5.55012e-19
10 0 -2.35619 0 244.1 0 0.120489 7.87308 0.120489 -7.87308 74.1527 0
11 0 -1.9635 0 201.042 -3.34357e-18 -0.15107 10.4636 -0.15107 -10.4636 66.7188 0
12 0 -1.5708 0 151.501 0 0.147761 11.6677 0.147761 -11.6677 56.8127 0
13 0 -1.1781 0 99.8493 0 -0.14671 11.2108 -0.14671 -11.2108 44.747 0
14 0 -0.785398 0 55.4536 -4.07019e-18 0.0713071 8.89946 0.0713071 -8.89946 30.7603 0
15 0 -0.392699 0 21.4765 4.88395e-18 0.1052 4.91111 0.1052 -4.91111 15.9978 0
############################################################
# Current time step                      : 10500000
# Total number of GFC measurements       : 500000
# Average temperature of the measurement : 0.00999913
# Boltzmann constant under current units : 1
# Basis of the surface unit cell         : 0 0 
############################################################
# ix	 iy 	 qx 	 qy			 Phi(q)
0 0 0 0 1.91607 0 -0.00380685 0 -0.00380685 0 5.50942 0
1 0 0.392699 0 21.499 0 0.0805477 -4.99229 0.0805477 4.99229 15.8156 -2.22024e-18
2 0 0.785398 0 55.2255 0 0.0891556 -8.8604 0.0891556 8.8604 30.8853 0
3 0 1.1781 0 99.6619 3.28666e-18 -0.101921 -11.1548 -0.101921 11.1548 44.5173 0
4 0 1.5708 0 151.121 0 0.0255849 -11.5533 0.0255849 11.5533 56.7633 -2.7753e-19
5 0 1.9635 0 201.234 -1.67499e-18 0.0694146 -10.3847 0.0694146 10.3847 66.6648 5.5506e-19
6 0 2.35619 0 243.664 0 -0.0132671 -7.73218 -0.0132671 7.73218 74.0108 6.93825e-20
7 0 2.74889 0 272.213 0 0.170489 -3.94188 0.170489 3.94188 78.6486 2.7753e-19
8 0 3.14159 0 283.229 0 0.172893 0 0.172893 0 80.3726 0
9 0 -2.74889 0 272.213 0 0.170489 3.94188 0.170489 -3.94188 78.6486 -2.7753e-19
10 0 -2.35619 0 243.664 0 -0.0132671 7.73218 -0.0132671 -7.73218 74.0108 -6.93825e-20
11 0 -1.9635 0 201.234 1.67499e-18 0.0694146 10.3847 0.0694146 -10.3847 66.6648 -5.5506e-19
12 0 -1.5708 0 151.121 0 0.0255849 11.5533 0.0255849 -11.5533 56.7633 2.7753e-19
13 0 -1.1781 0 99.6619 -3.28666e-18 -0.101921 11.1548 -0.101921 -11.1548 44.5173 0
14 0 -0.785398 0 55.2255 0 0.0891556 8.8604 0.0891556 -8.8604 30.8853 0
15 0 -0.392699 0 21.499 0 0.0805477 4.99229 0.0805477 -4.99229 15.8156 2.22024e-18
