############################################################
# group name of the Green's Function layer : bottom
# total number of atoms in the GF layer    : 16
# dimension of the system                  : 2 D
# number of atoms per unit surface cell    : 2
# dimension of the FFT mesh                : 8 x 1
# atomic tag of the surface origin         : 1
# number of wait steps before measurement  : 500000
# frequency of GFC measurement             : 20
# output result after this many measurement: 250000
# number of processors used by this run    : 1
############################################################
# Surface vectors: [ 2.22642, 0 ] [ 0, 1 ]
# mapping information between FFT mesh and atom id
# nx ny nucell
8 1 2
# ix iy iu atom_id
0 0 0 1
0 0 1 2
1 0 0 3
1 0 1 4
2 0 0 5
2 0 1 6
3 0 0 7
3 0 1 8
4 0 0 9
4 0 1 10
5 0 0 11
5 0 1 12
6 0 0 13
6 0 1 14
7 0 0 15
7 0 1 16
############################################################
############################################################
# Current time step                      : 5500000
# Total number of GFC measurements       : 250000
# Average temperature of the measurement : 0.00999869
# Boltzmann constant under current units : 1
# Basis of the surface unit cell         : 0 0 1.11321 3.79389e-06 
############################################################
# ix	 iy 	 qx 	 qy			 Phi(q)
0 0 0 0 141.915 0 0.192515 0 -140.151 0 -0.151465 0 0.192515 0 42.9026 0 -0.232564 0 -37.3108 0 -140.151 0 -0.232564 0 141.85 0 0.189553 0 -0.151465 0 -37.3108 0 0.189553 0 42.5058 0
1 0 0.785398 0 146.418 4.57447e-15 0.230719 -0.37836 -115.478 47.9818 -1.77761 -4.07259 0.230719 0.37836 47.0777 -2.28221e-15 1.5563 4.13424 -28.7772 12.0173 -115.478 -47.9818 1.5563 -4.13424 146.636 -6.0033e-17 0.207576 -0.586403 -1.77761 4.07259 -28.7772 -12.0173 0.207576 0.586403 47.2894 -2.97933e-15
2 0 1.5708 0 149.637 -8.63278e-17 0.111985 -0.601392 -66.7468 66.6463 -5.82082 -5.76092 0.111985 0.601392 52.4912 2.10904e-17 6.06516 6.07417 -15.3151 15.369 -66.7468 -66.6463 6.06516 -6.07417 149.919 -5.65223e-16 0.0796106 -0.424511 -5.82082 5.76092 -15.3151 -15.369 0.0796106 0.424511 52.4235 8.35169e-16
3 0 2.35619 0 151.101 9.82144e-16 -0.131838 -0.323573 -19.3431 46.7541 -10.1318 -4.33732 -0.131838 0.323573 55.9846 -9.33103e-17 9.7955 4.1937 -4.08961 10.1977 -19.3431 -46.7541 9.7955 -4.1937 149.798 0 -0.166327 -0.422855 -10.1318 4.33732 -4.08961 -10.1977 -0.166327 0.422855 55.4853 -7.49266e-17
4 0 3.14159 0 151.39 0 0.22411 0 0.0218871 0 -11.7806 0 0.22411 0 57.0981 0 11.5538 0 -0.169138 0 0.0218871 0 11.5538 0 151.612 0 0.0727548 0 -11.7806 0 -0.169138 0 0.0727548 0 56.5316 0
5 0 -2.35619 0 151.101 -9.82144e-16 -0.131838 0.323573 -19.3431 -46.7541 -10.1318 4.33732 -0.131838 -0.323573 55.9846 9.33103e-17 9.7955 -4.1937 -4.08961 -10.1977 -19.3431 46.7541 9.7955 4.1937 149.798 0 -0.166327 0.422855 -10.1318 -4.33732 -4.08961 10.1977 -0.166327 -0.422855 55.4853 7.49266e-17
6 0 -1.5708 0 149.637 8.63278e-17 0.111985 0.601392 -66.7468 -66.6463 -5.82082 5.76092 0.111985 -0.601392 52.4912 -2.10904e-17 6.06516 -6.07417 -15.3151 -15.369 -66.7468 66.6463 6.06516 6.07417 149.919 5.65223e-16 0.0796106 0.424511 -5.82082 -5.76092 -15.3151 15.369 0.0796106 -0.424511 52.4235 -8.35169e-16
7 0 -0.785398 0 146.418 -4.57447e-15 0.230719 0.37836 -115.478 -47.9818 -1.77761 4.07259 0.230719 -0.37836 47.0777 2.28221e-15 1.5563 -4.13424 -28.7772 -12.0173 -115.478 47.9818 1.5563 4.13424 146.636 6.0033e-17 0.207576 0.586403 -1.77761 -4.07259 -28.7772 12.0173 0.207576 -0.586403 47.2894 2.97933e-15
############################################################
# Current time step                      : 10500000
# Total number of GFC measurements       : 500000
# Average temperature of the measurement : 0.00999913
# Boltzmann constant under current units : 1
# Basis of the surface unit cell         : 0 0 1.11321 -2.23882e-06 
############################################################
# ix	 iy 	 qx 	 qy			 Phi(q)
0 0 0 0 142.576 0 0.0630784 0 -140.657 0 -0.0953164 0 0.0630784 0 43.0999 0 -0.0805807 0 -37.4337 0 -140.657 0 -0.0805807 0 142.569 0 0.105151 0 -0.0953164 0 -37.4337 0 0.105151 0 42.787 0
1 0 0.785398 0 146.821 -2.72826e-14 0.106272 -0.496176 -115.822 47.9549 -1.76157 -4.12465 0.106272 0.496176 47.1887 2.32681e-15 1.6648 4.12633 -29.0236 12.0263 -115.822 -47.9549 1.6648 -4.12633 146.891 -2.92725e-14 0.144881 -0.55434 -1.76157 4.12465 -29.0236 -12.0263 0.144881 0.55434 47.2758 2.9725e-15
2 0 1.5708 0 149.32 -9.22075e-15 0.0263092 -0.63694 -66.5501 66.6964 -5.76865 -5.88485 0.0263092 0.63694 52.5182 -4.607e-17 5.92017 5.89216 -15.2579 15.2367 -66.5501 -66.6964 5.92017 -5.89216 149.571 -7.80245e-15 0.0498658 -0.491244 -5.76865 5.88485 -15.2579 -15.2367 0.0498658 0.491244 52.3784 -2.03672e-16
3 0 2.35619 0 150.678 1.40864e-17 0.000175265 -0.353846 -19.1699 47.0306 -10.0241 -4.08997 0.000175265 0.353846 55.6937 -7.00316e-17 9.85434 4.20495 -4.18514 10.2527 -19.1699 -47.0306 9.85434 -4.20495 150.22 -1.13531e-15 -0.0330212 -0.416138 -10.0241 4.08997 -4.18514 -10.2527 -0.0330212 0.416138 55.489 1.42095e-16
4 0 3.14159 0 151.105 0 0.170057 0 -0.0547345 0 -11.5916 0 0.170057 0 56.8905 0 11.5152 0 -0.115517 0 -0.0547345 0 11.5152 0 151.139 0 -0.118057 0 -11.5916 0 -0.115517 0 -0.118057 0 56.6374 0
5 0 -2.35619 0 150.678 -1.40864e-17 0.000175265 0.353846 -19.1699 -47.0306 -10.0241 4.08997 0.000175265 -0.353846 55.6937 7.00316e-17 9.85434 -4.20495 -4.18514 -10.2527 -19.1699 47.0306 9.85434 4.20495 150.22 1.13531e-15 -0.0330212 0.416138 -10.0241 -4.08997 -4.18514 10.2527 -0.0330212 -0.416138 55.489 -1.42095e-16
6 0 -1.5708 0 149.32 9.22075e-15 0.0263092 0.63694 -66.5501 -66.6964 -5.76865 5.88485 0.0263092 -0.63694 52.5182 4.607e-17 5.92017 -5.89216 -15.2579 -15.2367 -66.5501 66.6964 5.92017 5.89216 149.571 7.80245e-15 0.0498658 0.491244 -5.76865 -5.88485 -15.2579 15.2367 0.0498658 -0.491244 52.3784 2.03672e-16
7 0 -0.785398 0 146.821 2.72826e-14 0.106272 0.496176 -115.822 -47.9549 -1.76157 4.12465 0.106272 -0.496176 47.1887 -2.32681e-15 1.6648 -4.12633 -29.0236 -12.0263 -115.822 47.9549 1.6648 4.12633 146.891 2.92725e-14 0.144881 0.55434 -1.76157 -4.12465 -29.0236 12.0263 0.144881 -0.55434 47.2758 -2.9725e-15
